0.030303	0.030303	-0.0123008
0.030303	0.0606061	-0.0332063
0.030303	0.0909091	-0.0619974
0.030303	0.121212	-0.10238
0.030303	0.151515	-0.155717
0.030303	0.181818	-0.222105
0.030303	0.212121	-0.300979
0.030303	0.242424	-0.391411
0.030303	0.272727	-0.492248
0.030303	0.30303	-0.60216
0.030303	0.333333	-0.719665
0.030303	0.363636	-0.843144
0.030303	0.393939	-0.970871
0.030303	0.424242	-1.10106
0.030303	0.454545	-1.23191
0.030303	0.484848	-1.36177
0.030303	0.515152	-1.48919
0.030303	0.545455	-1.61316
0.030303	0.575758	-1.7333
0.030303	0.606061	-1.85017
0.030303	0.636364	-1.96565
0.030303	0.666667	-2.08338
0.030303	0.69697	-2.20927
0.030303	0.727273	-2.35203
0.030303	0.757576	-2.52307
0.030303	0.787879	-2.73478
0.030303	0.818182	-2.99364
0.030303	0.848485	-3.27891
0.030303	0.878788	-3.47789
0.030303	0.909091	-3.17612
0.030303	0.939394	-0.87537
0.030303	0.969697	9.22615

0.0606061	0.030303	-0.0323799
0.0606061	0.0606061	-0.0639916
0.0606061	0.0909091	-0.0964709
0.0606061	0.121212	-0.133895
0.0606061	0.151515	-0.178299
0.0606061	0.181818	-0.230444
0.0606061	0.212121	-0.290343
0.0606061	0.242424	-0.357574
0.0606061	0.272727	-0.431468
0.0606061	0.30303	-0.511204
0.0606061	0.333333	-0.59587
0.0606061	0.363636	-0.684495
0.0606061	0.393939	-0.776073
0.0606061	0.424242	-0.869594
0.0606061	0.454545	-0.964073
0.0606061	0.484848	-1.05859
0.0606061	0.515152	-1.15236
0.0606061	0.545455	-1.24477
0.0606061	0.575758	-1.33554
0.0606061	0.606061	-1.42475
0.0606061	0.636364	-1.51304
0.0606061	0.666667	-1.60157
0.0606061	0.69697	-1.69191
0.0606061	0.727273	-1.78527
0.0606061	0.757576	-1.88033
0.0606061	0.787879	-1.96783
0.0606061	0.818182	-2.01719
0.0606061	0.848485	-1.9439
0.0606061	0.878788	-1.5251
0.0606061	0.909091	-0.165214
0.0606061	0.939394	3.76328
0.0606061	0.969697	14.2615

0.0909091	0.030303	-0.0586815
0.0909091	0.0606061	-0.0939178
0.0909091	0.0909091	-0.126088
0.0909091	0.121212	-0.158815
0.0909091	0.151515	-0.194164
0.0909091	0.181818	-0.23314
0.0909091	0.212121	-0.276074
0.0909091	0.242424	-0.322891
0.0909091	0.272727	-0.373289
0.0909091	0.30303	-0.426849
0.0909091	0.333333	-0.483103
0.0909091	0.363636	-0.541575
0.0909091	0.393939	-0.601803
0.0909091	0.424242	-0.663357
0.0909091	0.454545	-0.725843
0.0909091	0.484848	-0.788909
0.0909091	0.515152	-0.85225
0.0909091	0.545455	-0.915607
0.0909091	0.575758	-0.978774
0.0909091	0.606061	-1.04157
0.0909091	0.636364	-1.1038
0.0909091	0.666667	-1.16497
0.0909091	0.69697	-1.22381
0.0909091	0.727273	-1.27679
0.0909091	0.757576	-1.31498
0.0909091	0.787879	-1.31675
0.0909091	0.818182	-1.23144
0.0909091	0.848485	-0.941837
0.0909091	0.878788	-0.175756
0.0909091	0.909091	1.69912
0.0909091	0.939394	6.06975
0.0909091	0.969697	15.2372

0.121212	0.030303	-0.0937471
0.121212	0.0606061	-0.126865
0.121212	0.0909091	-0.155182
0.121212	0.121212	-0.181469
0.121212	0.151515	-0.207462
0.121212	0.181818	-0.234123
0.121212	0.212121	-0.261896
0.121212	0.242424	-0.290897
0.121212	0.272727	-0.321067
0.121212	0.30303	-0.352266
0.121212	0.333333	-0.38434
0.121212	0.363636	-0.417161
0.121212	0.393939	-0.450652
0.121212	0.424242	-0.484793
0.121212	0.454545	-0.519617
0.121212	0.484848	-0.555191
0.121212	0.515152	-0.591592
0.121212	0.545455	-0.628867
0.121212	0.575758	-0.666969
0.121212	0.606061	-0.705666
0.121212	0.636364	-0.744358
0.121212	0.666667	-0.781712
0.121212	0.69697	-0.814856
0.121212	0.727273	-0.837635
0.121212	0.757576	-0.836767
0.121212	0.787879	-0.783445
0.121212	0.818182	-0.61499
0.121212	0.848485	-0.195069
0.121212	0.878788	0.769421
0.121212	0.909091	2.88001
0.121212	0.939394	7.20443
0.121212	0.969697	14.8896

0.151515	0.030303	-0.137475
0.151515	0.0606061	-0.164353
0.151515	0.0909091	-0.186072
0.151515	0.121212	-0.204472
0.151515	0.151515	-0.220804
0.151515	0.181818	-0.23583
0.151515	0.212121	-0.249962
0.151515	0.242424	-0.263385
0.151515	0.272727	-0.276164
0.151515	0.30303	-0.288325
0.151515	0.333333	-0.299909
0.151515	0.363636	-0.311014
0.151515	0.393939	-0.321816
0.151515	0.424242	-0.332574
0.151515	0.454545	-0.343623
0.151515	0.484848	-0.355347
0.151515	0.515152	-0.368136
0.151515	0.545455	-0.382325
0.151515	0.575758	-0.398091
0.151515	0.606061	-0.41532
0.151515	0.636364	-0.433349
0.151515	0.666667	-0.450511
0.151515	0.69697	-0.463177
0.151515	0.727273	-0.463741
0.151515	0.757576	-0.436265
0.151515	0.787879	-0.34711
0.151515	0.818182	-0.125212
0.151515	0.848485	0.377486
0.151515	0.878788	1.45683
0.151515	0.909091	3.6492
0.151515	0.939394	7.72383
0.151515	0.969697	14.1011

0.181818	0.030303	-0.188378
0.181818	0.0606061	-0.206323
0.181818	0.0909091	-0.219529
0.181818	0.121212	-0.228988
0.181818	0.151515	-0.235446
0.181818	0.181818	-0.239395
0.181818	0.212121	-0.241125
0.181818	0.242424	-0.240795
0.181818	0.272727	-0.2385
0.181818	0.30303	-0.234331
0.181818	0.333333	-0.228427
0.181818	0.363636	-0.221008
0.181818	0.393939	-0.212405
0.181818	0.424242	-0.20306
0.181818	0.454545	-0.193529
0.181818	0.484848	-0.184445
0.181818	0.515152	-0.176474
0.181818	0.545455	-0.170234
0.181818	0.575758	-0.166179
0.181818	0.606061	-0.164418
0.181818	0.636364	-0.164428
0.181818	0.666667	-0.164508
0.181818	0.69697	-0.160703
0.181818	0.727273	-0.144528
0.181818	0.757576	-0.0981259
0.181818	0.787879	0.0158874
0.181818	0.818182	0.274748
0.181818	0.848485	0.832474
0.181818	0.878788	1.97444
0.181818	0.909091	4.158
0.181818	0.939394	7.90565
0.181818	0.969697	13.1991

0.212121	0.030303	-0.244371
0.212121	0.0606061	-0.251762
0.212121	0.0909091	-0.255236
0.212121	0.121212	-0.255084
0.212121	0.151515	-0.251585
0.212121	0.181818	-0.244943
0.212121	0.212121	-0.235274
0.212121	0.242424	-0.22264
0.212121	0.272727	-0.207086
0.212121	0.30303	-0.188688
0.212121	0.333333	-0.167595
0.212121	0.363636	-0.144074
0.212121	0.393939	-0.118531
0.212121	0.424242	-0.0915339
0.212121	0.454545	-0.0638081
0.212121	0.484848	-0.0362089
0.212121	0.515152	-0.00966786
0.212121	0.545455	0.0148979
0.212121	0.575758	0.0367212
0.212121	0.606061	0.0553907
0.212121	0.636364	0.0711886
0.212121	0.666667	0.0857017
0.212121	0.69697	0.103035
0.212121	0.727273	0.132333
0.212121	0.757576	0.193057
0.212121	0.787879	0.325659
0.212121	0.818182	0.611623
0.212121	0.848485	1.20592
0.212121	0.878788	2.3746
0.212121	0.909091	4.49501
0.212121	0.939394	7.89756
0.212121	0.969697	12.3094

0.242424	0.030303	-0.303197
0.242424	0.0606061	-0.299137
0.242424	0.0909091	-0.292191
0.242424	0.121212	-0.282086
0.242424	0.151515	-0.268695
0.242424	0.181818	-0.251931
0.242424	0.212121	-0.231706
0.242424	0.242424	-0.207927
0.242424	0.272727	-0.18052
0.242424	0.30303	-0.149472
0.242424	0.333333	-0.114873
0.242424	0.363636	-0.0769655
0.242424	0.393939	-0.0361831
0.242424	0.424242	0.00682032
0.242424	0.454545	0.0511663
0.242424	0.484848	0.0957753
0.242424	0.515152	0.139428
0.242424	0.545455	0.180868
0.242424	0.575758	0.218964
0.242424	0.606061	0.25295
0.242424	0.636364	0.282808
0.242424	0.666667	0.309963
0.242424	0.69697	0.338625
0.242424	0.727273	0.378545
0.242424	0.757576	0.450629
0.242424	0.787879	0.597794
0.242424	0.818182	0.903932
0.242424	0.848485	1.52086
0.242424	0.878788	2.69029
0.242424	0.909091	4.71542
0.242424	0.939394	7.78202
0.242424	0.969697	11.4769

0.272727	0.030303	-0.362628
0.272727	0.0606061	-0.346693
0.272727	0.0909091	-0.329031
0.272727	0.121212	-0.308914
0.272727	0.151515	-0.285858
0.272727	0.181818	-0.25949
0.272727	0.212121	-0.229484
0.272727	0.242424	-0.195541
0.272727	0.272727	-0.157404
0.272727	0.30303	-0.114899
0.272727	0.333333	-0.0679898
0.272727	0.363636	-0.0168389
0.272727	0.393939	0.0381337
0.272727	0.424242	0.0962066
0.272727	0.454545	0.15634
0.272727	0.484848	0.217197
0.272727	0.515152	0.277215
0.272727	0.545455	0.334733
0.272727	0.575758	0.388187
0.272727	0.606061	0.436393
0.272727	0.636364	0.479
0.272727	0.666667	0.517263
0.272727	0.69697	0.55552
0.272727	0.727273	0.604147
0.272727	0.757576	0.685367
0.272727	0.787879	0.843962
0.272727	0.818182	1.16454
0.272727	0.848485	1.79269
0.272727	0.878788	2.94369
0.272727	0.909091	4.85535
0.272727	0.939394	7.60665
0.272727	0.969697	10.7141

0.30303	0.030303	-0.420532
0.30303	0.0606061	-0.392636
0.30303	0.0909091	-0.364281
0.30303	0.121212	-0.334359
0.30303	0.151515	-0.30206
0.30303	0.181818	-0.266719
0.30303	0.212121	-0.227738
0.30303	0.242424	-0.184556
0.30303	0.272727	-0.136664
0.30303	0.30303	-0.0836568
0.30303	0.333333	-0.0253024
0.30303	0.363636	0.0383713
0.30303	0.393939	0.106992
0.30303	0.424242	0.179775
0.30303	0.454545	0.255492
0.30303	0.484848	0.33249
0.30303	0.515152	0.40878
0.30303	0.545455	0.482196
0.30303	0.575758	0.550643
0.30303	0.606061	0.612451
0.30303	0.636364	0.666895
0.30303	0.666667	0.715071
0.30303	0.69697	0.761496
0.30303	0.727273	0.817206
0.30303	0.757576	0.905618
0.30303	0.787879	1.07279
0.30303	0.818182	1.4026
0.30303	0.848485	2.03229
0.30303	0.878788	3.1506
0.30303	0.909091	4.9393
0.30303	0.939394	7.39971
0.30303	0.969697	10.0202

0.333333	0.030303	-0.474888
0.333333	0.0606061	-0.435241
0.333333	0.0909091	-0.396519
0.333333	0.121212	-0.357282
0.333333	0.151515	-0.316405
0.333333	0.181818	-0.272911
0.333333	0.212121	-0.225888
0.333333	0.242424	-0.174448
0.333333	0.272727	-0.117759
0.333333	0.30303	-0.0551057
0.333333	0.333333	0.0140124
0.333333	0.363636	0.0897595
0.333333	0.393939	0.171843
0.333333	0.424242	0.259415
0.333333	0.454545	0.351016
0.333333	0.484848	0.444598
0.333333	0.515152	0.537631
0.333333	0.545455	0.627319
0.333333	0.575758	0.710915
0.333333	0.606061	0.786161
0.333333	0.636364	0.851916
0.333333	0.666667	0.909127
0.333333	0.69697	0.962544
0.333333	0.727273	1.0239
0.333333	0.757576	1.11767
0.333333	0.787879	1.29064
0.333333	0.818182	1.62479
0.333333	0.848485	2.24772
0.333333	0.878788	3.32267
0.333333	0.909091	4.98435
0.333333	0.939394	7.17835
0.333333	0.969697	9.39049

0.363636	0.030303	-0.523782
0.363636	0.0606061	-0.472925
0.363636	0.0909091	-0.424503
0.363636	0.121212	-0.376764
0.363636	0.151515	-0.328265
0.363636	0.181818	-0.277691
0.363636	0.212121	-0.22376
0.363636	0.242424	-0.165195
0.363636	0.272727	-0.100757
0.363636	0.30303	-0.0293378
0.363636	0.333333	0.0499117
0.363636	0.363636	0.137412
0.363636	0.393939	0.232987
0.363636	0.424242	0.335723
0.363636	0.454545	0.443883
0.363636	0.484848	0.554929
0.363636	0.515152	0.665661
0.363636	0.545455	0.772493
0.363636	0.575758	0.871877
0.363636	0.606061	0.960852
0.363636	0.636364	1.03779
0.363636	0.666667	1.1035
0.363636	0.69697	1.163
0.363636	0.727273	1.22875
0.363636	0.757576	1.32615
0.363636	0.787879	1.50221
0.363636	0.818182	1.83613
0.363636	0.848485	2.44516
0.363636	0.878788	3.4688
0.363636	0.909091	5.0027
0.363636	0.939394	6.95332
0.363636	0.969697	8.8193

0.393939	0.030303	-0.565413
0.393939	0.0606061	-0.504296
0.393939	0.0909091	-0.447232
0.393939	0.121212	-0.392174
0.393939	0.151515	-0.337346
0.393939	0.181818	-0.281062
0.393939	0.212121	-0.221619
0.393939	0.242424	-0.157278
0.393939	0.272727	-0.0863125
0.393939	0.30303	-0.00713052
0.393939	0.333333	0.0815504
0.393939	0.363636	0.180481
0.393939	0.393939	0.28965
0.393939	0.424242	0.408083
0.393939	0.454545	0.533723
0.393939	0.484848	0.663442
0.393939	0.515152	0.793222
0.393939	0.545455	0.918519
0.393939	0.575758	1.0348
0.393939	0.606061	1.13826
0.393939	0.636364	1.2267
0.393939	0.666667	1.30077
0.393939	0.69697	1.36579
0.393939	0.727273	1.43494
0.393939	0.757576	1.53442
0.393939	0.787879	1.71102
0.393939	0.818182	2.04047
0.393939	0.848485	2.62948
0.393939	0.878788	3.59589
0.393939	0.909091	5.00328
0.393939	0.939394	6.73161
0.393939	0.969697	8.30181

0.424242	0.030303	-0.598129
0.424242	0.0606061	-0.528193
0.424242	0.0909091	-0.463993
0.424242	0.121212	-0.403198
0.424242	0.151515	-0.343692
0.424242	0.181818	-0.283386
0.424242	0.212121	-0.220109
0.424242	0.242424	-0.151596
0.424242	0.272727	-0.0755557
0.424242	0.30303	0.0101786
0.424242	0.333333	0.107417
0.424242	0.363636	0.217325
0.424242	0.393939	0.34012
0.424242	0.424242	0.474793
0.424242	0.454545	0.618936
0.424242	0.484848	0.768746
0.424242	0.515152	0.919239
0.424242	0.545455	1.06472
0.424242	0.575758	1.19949
0.424242	0.606061	1.3187
0.424242	0.636364	1.41948
0.424242	0.666667	1.50225
0.424242	0.69697	1.57266
0.424242	0.727273	1.64459
0.424242	0.757576	1.74484
0.424242	0.787879	1.91966
0.424242	0.818182	2.24082
0.424242	0.848485	2.80461
0.424242	0.878788	3.70937
0.424242	0.909091	4.9928
0.424242	0.939394	6.51806
0.424242	0.969697	7.83446

0.454545	0.030303	-0.620474
0.454545	0.0606061	-0.54372
0.454545	0.0909091	-0.474364
0.454545	0.121212	-0.409818
0.454545	0.151515	-0.347631
0.454545	0.181818	-0.285295
0.454545	0.212121	-0.220141
0.454545	0.242424	-0.149331
0.454545	0.272727	-0.069937
0.454545	0.30303	0.0208628
0.454545	0.333333	0.125504
0.454545	0.363636	0.245669
0.454545	0.393939	0.381891
0.454545	0.424242	0.533183
0.454545	0.454545	0.696795
0.454545	0.484848	0.868186
0.454545	0.515152	1.04128
0.454545	0.545455	1.20904
0.454545	0.575758	1.36436
0.454545	0.606061	1.50118
0.454545	0.636364	1.61576
0.454545	0.666667	1.7082
0.454545	0.69697	1.78443
0.454545	0.727273	1.85895
0.454545	0.757576	1.95906
0.454545	0.787879	2.13008
0.454545	0.818182	2.43957
0.454545	0.848485	2.97372
0.454545	0.878788	3.81363
0.454545	0.909091	4.97645
0.454545	0.939394	6.31631
0.454545	0.969697	7.41512

0.484848	0.030303	-0.631273
0.484848	0.0606061	-0.55028
0.484848	0.0909091	-0.47821
0.484848	0.121212	-0.412267
0.484848	0.151515	-0.349693
0.484848	0.181818	-0.287575
0.484848	0.212121	-0.222746
0.484848	0.242424	-0.151768
0.484848	0.272727	-0.0710377
0.484848	0.30303	0.0229977
0.484848	0.333333	0.133497
0.484848	0.363636	0.262776
0.484848	0.393939	0.411805
0.484848	0.424242	0.579728
0.484848	0.454545	0.763514
0.484848	0.484848	0.957878
0.484848	0.515152	1.15556
0.484848	0.545455	1.34801
0.484848	0.575758	1.52648
0.484848	0.606061	1.68343
0.484848	0.636364	1.81402
0.484848	0.666667	1.91789
0.484848	0.69697	2.00107
0.484848	0.727273	2.07863
0.484848	0.757576	2.17812
0.484848	0.787879	2.34372
0.484848	0.818182	2.63859
0.484848	0.848485	3.13939
0.484848	0.878788	3.91221
0.484848	0.909091	4.95839
0.484848	0.939394	6.12939
0.484848	0.969697	7.04311

0.515152	0.030303	-0.629721
0.515152	0.0606061	-0.547601
0.515152	0.0909091	-0.475652
0.515152	0.121212	-0.410949
0.515152	0.151515	-0.350494
0.515152	0.181818	-0.291022
0.515152	0.212121	-0.228902
0.515152	0.242424	-0.160117
0.515152	0.272727	-0.0803731
0.515152	0.30303	0.0146632
0.515152	0.333333	0.128966
0.515152	0.363636	0.265619
0.515152	0.393939	0.426195
0.515152	0.424242	0.610139
0.515152	0.454545	0.814286
0.515152	0.484848	1.03269
0.515152	0.515152	1.25688
0.515152	0.545455	1.47666
0.515152	0.575758	1.68143
0.515152	0.606061	1.86181
0.515152	0.636364	2.01158
0.515152	0.666667	2.1296
0.515152	0.69697	2.22181
0.515152	0.727273	2.30359
0.515152	0.757576	2.40257
0.515152	0.787879	2.56158
0.515152	0.818182	2.83937
0.515152	0.848485	3.30376
0.515152	0.878788	4.00809
0.515152	0.909091	4.94215
0.515152	0.939394	5.96018
0.515152	0.969697	6.71915

0.545455	0.030303	-0.615474
0.545455	0.0606061	-0.535755
0.545455	0.0909091	-0.467027
0.545455	0.121212	-0.40636
0.545455	0.151515	-0.350621
0.545455	0.181818	-0.296295
0.545455	0.212121	-0.239374
0.545455	0.242424	-0.175325
0.545455	0.272727	-0.099192
0.545455	0.30303	-0.00584632
0.545455	0.333333	0.109581
0.545455	0.363636	0.251087
0.545455	0.393939	0.421056
0.545455	0.424242	0.619485
0.545455	0.454545	0.843334
0.545455	0.484848	1.0862
0.545455	0.515152	1.33851
0.545455	0.545455	1.58837
0.545455	0.575758	1.82307
0.545455	0.606061	2.03109
0.545455	0.636364	2.20435
0.545455	0.666667	2.3405
0.545455	0.69697	2.44497
0.545455	0.727273	2.53317
0.545455	0.757576	2.63252
0.545455	0.787879	2.78431
0.545455	0.818182	3.04306
0.545455	0.848485	3.46862
0.545455	0.878788	4.10382
0.545455	0.909091	4.93089
0.545455	0.939394	5.8117
0.545455	0.969697	6.4454

0.575758	0.030303	-0.588733
0.575758	0.0606061	-0.51516
0.575758	0.0909091	-0.45284
0.575758	0.121212	-0.398998
0.575758	0.151515	-0.350519
0.575758	0.181818	-0.303787
0.575758	0.212121	-0.254556
0.575758	0.242424	-0.197897
0.575758	0.272727	-0.128275
0.575758	0.30303	-0.0397939
0.575758	0.333333	0.0733591
0.575758	0.363636	0.216238
0.575758	0.393939	0.392287
0.575758	0.424242	0.602392
0.575758	0.454545	0.844026
0.575758	0.484848	1.11071
0.575758	0.515152	1.39203
0.575758	0.545455	1.67451
0.575758	0.575758	1.94317
0.575758	0.606061	2.18397
0.575758	0.636364	2.38639
0.575758	0.666667	2.54621
0.575758	0.69697	2.66776
0.575758	0.727273	2.76588
0.575758	0.757576	2.86748
0.575758	0.787879	3.01219
0.575758	0.818182	3.25053
0.575758	0.848485	3.63551
0.575758	0.878788	4.20176
0.575758	0.909091	4.92773
0.575758	0.939394	5.68739
0.575758	0.969697	6.22541

0.606061	0.030303	-0.550294
0.606061	0.0606061	-0.486572
0.606061	0.0909091	-0.433711
0.606061	0.121212	-0.389284
0.606061	0.151515	-0.350392
0.606061	0.181818	-0.31351
0.606061	0.212121	-0.274343
0.606061	0.242424	-0.227742
0.606061	0.272727	-0.167737
0.606061	0.30303	-0.0877496
0.606061	0.333333	0.0189713
0.606061	0.363636	0.158655
0.606061	0.393939	0.336064
0.606061	0.424242	0.553388
0.606061	0.454545	0.809139
0.606061	0.484848	1.09734
0.606061	0.515152	1.40728
0.606061	0.545455	1.72418
0.606061	0.575758	2.03087
0.606061	0.606061	2.31039
0.606061	0.636364	2.54916
0.606061	0.666667	2.74014
0.606061	0.69697	2.88559
0.606061	0.727273	2.99903
0.606061	0.757576	3.10625
0.606061	0.787879	3.24508
0.606061	0.818182	3.46249
0.606061	0.848485	3.80595
0.606061	0.878788	4.30436
0.606061	0.909091	4.93604
0.606061	0.939394	5.5914
0.606061	0.969697	6.06427

0.636364	0.030303	-0.501578
0.636364	0.0606061	-0.451056
0.636364	0.0909091	-0.41032
0.636364	0.121212	-0.377502
0.636364	0.151515	-0.350138
0.636364	0.181818	-0.325022
0.636364	0.212121	-0.298037
0.636364	0.242424	-0.264038
0.636364	0.272727	-0.216831
0.636364	0.30303	-0.14932
0.636364	0.333333	-0.0538942
0.636364	0.363636	0.0769003
0.636364	0.393939	0.249375
0.636364	0.424242	0.467459
0.636364	0.454545	0.731361
0.636364	0.484848	1.0364
0.636364	0.515152	1.37238
0.636364	0.545455	1.72394
0.636364	0.575758	2.07201
0.636364	0.606061	2.39659
0.636364	0.636364	2.6803
0.636364	0.666667	2.9122
0.636364	0.69697	3.09112
0.636364	0.727273	3.22793
0.636364	0.757576	3.34641
0.636364	0.787879	3.48229
0.636364	0.818182	3.67956
0.636364	0.848485	3.98166
0.636364	0.878788	4.41446
0.636364	0.909091	4.95988
0.636364	0.939394	5.52897
0.636364	0.969697	5.96876

0.666667	0.030303	-0.444599
0.666667	0.0606061	-0.409947
0.666667	0.0909091	-0.383368
0.666667	0.121212	-0.363761
0.666667	0.151515	-0.349322
0.666667	0.181818	-0.337394
0.666667	0.212121	-0.324293
0.666667	0.242424	-0.305143
0.666667	0.272727	-0.273792
0.666667	0.30303	-0.222879
0.666667	0.333333	-0.144122
0.666667	0.363636	-0.0289105
0.666667	0.393939	0.130743
0.666667	0.424242	0.340901
0.666667	0.454545	0.604159
0.666667	0.484848	0.91812
0.666667	0.515152	1.27428
0.666667	0.545455	1.6578
0.666667	0.575758	2.0486
0.666667	0.606061	2.4239
0.666667	0.636364	2.76206
0.666667	0.666667	3.04699
0.666667	0.69697	3.27233
0.666667	0.727273	3.4444
0.666667	0.757576	3.58341
0.666667	0.787879	3.72228
0.666667	0.818182	3.90244
0.666667	0.848485	4.16505
0.666667	0.878788	4.53595
0.666667	0.909091	5.00458
0.666667	0.939394	5.50695
0.666667	0.969697	5.94765

0.69697	0.030303	-0.381897
0.69697	0.0606061	-0.364798
0.69697	0.0909091	-0.353545
0.69697	0.121212	-0.34799
0.69697	0.151515	-0.347183
0.69697	0.181818	-0.349235
0.69697	0.212121	-0.351139
0.69697	0.242424	-0.348569
0.69697	0.272727	-0.335735
0.69697	0.30303	-0.305347
0.69697	0.333333	-0.248771
0.69697	0.363636	-0.15648
0.69697	0.393939	-0.0188752
0.69697	0.424242	0.172458
0.69697	0.454545	0.423113
0.69697	0.484848	0.734025
0.69697	0.515152	1.09982
0.69697	0.545455	1.50789
0.69697	0.575758	1.93866
0.69697	0.606061	2.36766
0.69697	0.636364	2.76914
0.69697	0.666667	3.12095
0.69697	0.69697	3.40952
0.69697	0.727273	3.63404
0.69697	0.757576	3.80862
0.69697	0.787879	3.96167
0.69697	0.818182	4.13189
0.69697	0.848485	4.35987
0.69697	0.878788	4.67474
0.69697	0.909091	5.07779
0.69697	0.939394	5.53466
0.69697	0.969697	6.0123

0.727273	0.030303	-0.316413
0.727273	0.0606061	-0.317305
0.727273	0.0909091	-0.321512
0.727273	0.121212	-0.32996
0.727273	0.151515	-0.342696
0.727273	0.181818	-0.358769
0.727273	0.212121	-0.376057
0.727273	0.242424	-0.391053
0.727273	0.272727	-0.398667
0.727273	0.30303	-0.392085
0.727273	0.333333	-0.362781
0.727273	0.363636	-0.300754
0.727273	0.393939	-0.195142
0.727273	0.424242	-0.0352766
0.727273	0.454545	0.187745
0.727273	0.484848	0.479079
0.727273	0.515152	0.838019
0.727273	0.545455	1.25626
0.727273	0.575758	1.71719
0.727273	0.606061	2.19683
0.727273	0.636364	2.66675
0.727273	0.666667	3.09875
0.727273	0.69697	3.47056
0.727273	0.727273	3.77124
0.727273	0.757576	4.00506
0.727273	0.787879	4.19257
0.727273	0.818182	4.36799
0.727273	0.848485	4.57202
0.727273	0.878788	4.84037
0.727273	0.909091	5.19123
0.727273	0.939394	5.62531
0.727273	0.969697	6.17774

0.757576	0.030303	-0.251314
0.757576	0.0606061	-0.269231
0.757576	0.0909091	-0.287886
0.757576	0.121212	-0.309328
0.757576	0.151515	-0.334662
0.757576	0.181818	-0.363967
0.757576	0.212121	-0.39615
0.757576	0.242424	-0.428738
0.757576	0.272727	-0.457656
0.757576	0.30303	-0.477003
0.757576	0.333333	-0.478916
0.757576	0.363636	-0.453581
0.757576	0.393939	-0.389547
0.757576	0.424242	-0.274448
0.757576	0.454545	-0.0962951
0.757576	0.484848	0.154659
0.757576	0.515152	0.483592
0.757576	0.545455	0.88871
0.757576	0.575758	1.35941
0.757576	0.606061	1.87575
0.757576	0.636364	2.40989
0.757576	0.666667	2.92973
0.757576	0.69697	3.40444
0.757576	0.727273	3.81071
0.757576	0.757576	4.13865
0.757576	0.787879	4.39549
0.757576	0.818182	4.60611
0.757576	0.848485	4.80903
0.757576	0.878788	5.04809
0.757576	0.909091	5.36367
0.757576	0.939394	5.79881
0.757576	0.969697	6.46488

0.787879	0.030303	-0.189778
0.787879	0.0606061	-0.222291
0.787879	0.0909091	-0.25322
0.787879	0.121212	-0.285687
0.787879	0.151515	-0.321821
0.787879	0.181818	-0.362724
0.787879	0.212121	-0.408378
0.787879	0.242424	-0.457474
0.787879	0.272727	-0.507189
0.787879	0.30303	-0.552936
0.787879	0.333333	-0.588099
0.787879	0.363636	-0.60385
0.787879	0.393939	-0.589125
0.787879	0.424242	-0.530937
0.787879	0.454545	-0.415163
0.787879	0.484848	-0.227996
0.787879	0.515152	0.0419352
0.787879	0.545455	0.400907
0.787879	0.575758	0.847382
0.787879	0.606061	1.36994
0.787879	0.636364	1.94668
0.787879	0.666667	2.54683
0.787879	0.69697	3.13467
0.787879	0.727273	3.67546
0.787879	0.757576	4.14234
0.787879	0.787879	4.52289
0.787879	0.818182	4.82396
0.787879	0.848485	5.07355
0.787879	0.878788	5.31914
0.787879	0.909091	5.6255
0.787879	0.939394	6.08704
0.787879	0.969697	6.90499

0.818182	0.030303	-0.134727
0.818182	0.0606061	-0.178014
0.818182	0.0909091	-0.217954
0.818182	0.121212	-0.258597
0.818182	0.151515	-0.302955
0.818182	0.181818	-0.353039
0.818182	0.212121	-0.409838
0.818182	0.242424	-0.47321
0.818182	0.272727	-0.541706
0.818182	0.30303	-0.612328
0.818182	0.333333	-0.680216
0.818182	0.363636	-0.738319
0.818182	0.393939	-0.777104
0.818182	0.424242	-0.784431
0.818182	0.454545	-0.745764
0.818182	0.484848	-0.644914
0.818182	0.515152	-0.465517
0.818182	0.545455	-0.193304
0.818182	0.575758	0.180993
0.818182	0.606061	0.658542
0.818182	0.636364	1.22989
0.818182	0.666667	1.87385
0.818182	0.69697	2.55857
0.818182	0.727273	3.24503
0.818182	0.757576	3.89279
0.818182	0.787879	4.4673
0.818182	0.818182	4.94808
0.818182	0.848485	5.33737
0.818182	0.878788	5.66914
0.818182	0.909091	6.02133
0.818182	0.939394	6.54348
0.818182	0.969697	7.54939

0.848485	0.030303	-0.0885236
0.848485	0.0606061	-0.137552
0.848485	0.0909091	-0.18233
0.848485	0.121212	-0.227582
0.848485	0.151515	-0.276962
0.848485	0.181818	-0.333175
0.848485	0.212121	-0.398028
0.848485	0.242424	-0.472418
0.848485	0.272727	-0.556229
0.848485	0.30303	-0.648146
0.848485	0.333333	-0.745368
0.848485	0.363636	-0.843232
0.848485	0.393939	-0.93477
0.848485	0.424242	-1.01027
0.848485	0.454545	-1.05694
0.848485	0.484848	-1.05893
0.848485	0.515152	-0.99782
0.848485	0.545455	-0.853899
0.848485	0.575758	-0.608323
0.848485	0.606061	-0.246068
0.848485	0.636364	0.240664
0.848485	0.666667	0.849257
0.848485	0.69697	1.5645
0.848485	0.727273	2.35816
0.848485	0.757576	3.19082
0.848485	0.787879	4.01605
0.848485	0.818182	4.78737
0.848485	0.848485	5.46882
0.848485	0.878788	6.0523
0.848485	0.909091	6.5892
0.848485	0.939394	7.25425
0.848485	0.969697	8.49071

0.878788	0.030303	-0.0526126
0.878788	0.0606061	-0.101443
0.878788	0.0909091	-0.146241
0.878788	0.121212	-0.192059
0.878788	0.151515	-0.242866
0.878788	0.181818	-0.301749
0.878788	0.212121	-0.371052
0.878788	0.242424	-0.452454
0.878788	0.272727	-0.546966
0.878788	0.30303	-0.654836
0.878788	0.333333	-0.775346
0.878788	0.363636	-0.906484
0.878788	0.393939	-1.04449
0.878788	0.424242	-1.1833
0.878788	0.454545	-1.31392
0.878788	0.484848	-1.42384
0.878788	0.515152	-1.49668
0.878788	0.545455	-1.51224
0.878788	0.575758	-1.44718
0.878788	0.606061	-1.27661
0.878788	0.636364	-0.976536
0.878788	0.666667	-0.527085
0.878788	0.69697	0.0839026
0.878788	0.727273	0.85744
0.878788	0.757576	1.78066
0.878788	0.787879	2.82523
0.878788	0.818182	3.94732
0.878788	0.848485	5.09056
0.878788	0.878788	6.19649
0.878788	0.909091	7.23695
0.878788	0.939394	8.31006
0.878788	0.969697	9.90693

0.909091	0.030303	-0.0271082
0.909091	0.0606061	-0.0693236
0.909091	0.0909091	-0.109042
0.909091	0.121212	-0.151216
0.909091	0.151515	-0.19975
0.909091	0.181818	-0.257741
0.909091	0.212121	-0.327709
0.909091	0.242424	-0.411766
0.909091	0.272727	-0.511718
0.909091	0.30303	-0.629072
0.909091	0.333333	-0.764935
0.909091	0.363636	-0.919803
0.909091	0.393939	-1.09321
0.909091	0.424242	-1.28323
0.909091	0.454545	-1.48585
0.909091	0.484848	-1.69419
0.909091	0.515152	-1.89769
0.909091	0.545455	-2.08129
0.909091	0.575758	-2.22486
0.909091	0.606061	-2.30287
0.909091	0.636364	-2.28473
0.909091	0.666667	-2.13568
0.909091	0.69697	-1.81841
0.909091	0.727273	-1.29533
0.909091	0.757576	-0.531432
0.909091	0.787879	0.502004
0.909091	0.818182	1.82235
0.909091	0.848485	3.42824
0.909091	0.878788	5.28969
0.909091	0.909091	7.34291
0.909091	0.939394	9.53244
0.909091	0.969697	12.1021

0.939394	0.030303	-0.0103598
0.939394	0.0606061	-0.0396599
0.939394	0.0909091	-0.069334
0.939394	0.121212	-0.103846
0.939394	0.151515	-0.146639
0.939394	0.181818	-0.200411
0.939394	0.212121	-0.267448
0.939394	0.242424	-0.349905
0.939394	0.272727	-0.44999
0.939394	0.30303	-0.570058
0.939394	0.333333	-0.712605
0.939394	0.363636	-0.880175
0.939394	0.393939	-1.07516
0.939394	0.424242	-1.29948
0.939394	0.454545	-1.55414
0.939394	0.484848	-1.83856
0.939394	0.515152	-2.14989
0.939394	0.545455	-2.48199
0.939394	0.575758	-2.82439
0.939394	0.606061	-3.1611
0.939394	0.636364	-3.46928
0.939394	0.666667	-3.71786
0.939394	0.69697	-3.86575
0.939394	0.727273	-3.85948
0.939394	0.757576	-3.62979
0.939394	0.787879	-3.08672
0.939394	0.818182	-2.11353
0.939394	0.848485	-0.561516
0.939394	0.878788	1.74855
0.939394	0.909091	5.00689
0.939394	0.939394	9.36778
0.939394	0.969697	14.9558

0.969697	0.030303	0.00127372
0.969697	0.0606061	-0.00961752
0.969697	0.0909091	-0.0248037
0.969697	0.121212	-0.0481828
0.969697	0.151515	-0.0823631
0.969697	0.181818	-0.129179
0.969697	0.212121	-0.190248
0.969697	0.242424	-0.267374
0.969697	0.272727	-0.362793
0.969697	0.30303	-0.47931
0.969697	0.333333	-0.620355
0.969697	0.363636	-0.789968
0.969697	0.393939	-0.992735
0.969697	0.424242	-1.23364
0.969697	0.454545	-1.51785
0.969697	0.484848	-1.8504
0.969697	0.515152	-2.23569
0.969697	0.545455	-2.67697
0.969697	0.575758	-3.17552
0.969697	0.606061	-3.72971
0.969697	0.636364	-4.33389
0.969697	0.666667	-4.97689
0.969697	0.69697	-5.63997
0.969697	0.727273	-6.2935
0.969697	0.757576	-6.89079
0.969697	0.787879	-7.35577
0.969697	0.818182	-7.55836
0.969697	0.848485	-7.26686
0.969697	0.878788	-6.0628
0.969697	0.909091	-3.20207
0.969697	0.939394	2.59988
0.969697	0.969697	13.6357

