0.0588235	0.0588235	0.0220888
0.0588235	0.117647	0.0225792
0.0588235	0.176471	0.0231066
0.0588235	0.235294	0.0232863
0.0588235	0.294118	0.0228065
0.0588235	0.352941	0.0214139
0.0588235	0.411765	0.0189188
0.0588235	0.470588	0.015213
0.0588235	0.529412	0.0102854
0.0588235	0.588235	0.00421692
0.0588235	0.647059	-0.00286886
0.0588235	0.705882	-0.0109351
0.0588235	0.764706	-0.0203262
0.0588235	0.823529	-0.0324605
0.0588235	0.882353	-0.0514578
0.0588235	0.941176	-0.0869086
0.0588235	1	-0.148726

0.117647	0.0588235	0.0215905
0.117647	0.117647	0.0220558
0.117647	0.176471	0.0224266
0.117647	0.235294	0.0224055
0.117647	0.294118	0.0217315
0.117647	0.352941	0.0201729
0.117647	0.411765	0.0175494
0.117647	0.470588	0.0137587
0.117647	0.529412	0.00879725
0.117647	0.588235	0.00275991
0.117647	0.647059	-0.00419668
0.117647	0.705882	-0.0119394
0.117647	0.764706	-0.0205008
0.117647	0.823529	-0.0302939
0.117647	0.882353	-0.0423169
0.117647	0.941176	-0.0571257
0.117647	1	-0.0672399

0.176471	0.0588235	0.0210403
0.176471	0.117647	0.0215809
0.176471	0.176471	0.0219097
0.176471	0.235294	0.0217762
0.176471	0.294118	0.0209584
0.176471	0.352941	0.0192404
0.176471	0.411765	0.0164462
0.176471	0.470588	0.0124813
0.176471	0.529412	0.00737092
0.176471	0.588235	0.00128059
0.176471	0.647059	-0.00549454
0.176471	0.705882	-0.0125699
0.176471	0.764706	-0.0195222
0.176471	0.823529	-0.0259138
0.176471	0.882353	-0.0311436
0.176471	0.941176	-0.0332411
0.176471	1	-0.0261143

0.235294	0.0588235	0.0207115
0.235294	0.117647	0.0213199
0.235294	0.176471	0.0216358
0.235294	0.235294	0.0214173
0.235294	0.294118	0.0204568
0.235294	0.352941	0.0185398
0.235294	0.411765	0.0154857
0.235294	0.470588	0.0112071
0.235294	0.529412	0.00577285
0.235294	0.588235	-0.00054423
0.235294	0.647059	-0.00725747
0.235294	0.705882	-0.0137011
0.235294	0.764706	-0.0190965
0.235294	0.823529	-0.0226169
0.235294	0.882353	-0.0233247
0.235294	0.941176	-0.0194821
0.235294	1	-0.00856786

0.294118	0.0588235	0.0207278
0.294118	0.117647	0.0213361
0.294118	0.176471	0.021599
0.294118	0.235294	0.0212667
0.294118	0.294118	0.0201234
0.294118	0.352941	0.0179378
0.294118	0.411765	0.0145098
0.294118	0.470588	0.00974892
0.294118	0.529412	0.00376851
0.294118	0.588235	-0.00303952
0.294118	0.647059	-0.0099868
0.294118	0.705882	-0.0161555
0.294118	0.764706	-0.0205426
0.294118	0.823529	-0.0222316
0.294118	0.882353	-0.0204514
0.294118	0.941176	-0.0142635
0.294118	1	-0.0034262

0.352941	0.0588235	0.0211322
0.352941	0.117647	0.0216557
0.352941	0.176471	0.0218025
0.352941	0.235294	0.0213125
0.352941	0.294118	0.0199445
0.352941	0.352941	0.0174292
0.352941	0.411765	0.0135244
0.352941	0.470588	0.00811637
0.352941	0.529412	0.00134888
0.352941	0.588235	-0.00627108
0.352941	0.647059	-0.0138567
0.352941	0.705882	-0.020264
0.352941	0.764706	-0.0243389
0.352941	0.823529	-0.0251902
0.352941	0.882353	-0.0223174
0.352941	0.941176	-0.0154744
0.352941	1	-0.00558918

0.411765	0.0588235	0.0219235
0.411765	0.117647	0.0222847
0.411765	0.176471	0.0222627
0.411765	0.235294	0.0215905
0.411765	0.294118	0.0199869
0.411765	0.352941	0.0171232
0.411765	0.411765	0.0126869
0.411765	0.470588	0.00650977
0.411765	0.529412	-0.00126137
0.411765	0.588235	-0.0100189
0.411765	0.647059	-0.0186782
0.411765	0.705882	-0.0258668
0.411765	0.764706	-0.0302846
0.411765	0.823529	-0.0310656
0.411765	0.882353	-0.0279309
0.411765	0.941176	-0.0211181
0.411765	1	-0.0121825

0.470588	0.0588235	0.0230581
0.470588	0.117647	0.0232002
0.470588	0.176471	0.0229873
0.470588	0.235294	0.022149
0.470588	0.294118	0.0203536
0.470588	0.352941	0.0171946
0.470588	0.411765	0.0122603
0.470588	0.470588	0.00528785
0.470588	0.529412	-0.00361477
0.470588	0.588235	-0.0137673
0.470588	0.647059	-0.0238855
0.470588	0.705882	-0.0323363
0.470588	0.764706	-0.0376205
0.470588	0.823529	-0.0388298
0.470588	0.882353	-0.0358172
0.470588	0.941176	-0.0291615
0.470588	1	-0.0209042

0.529412	0.0588235	0.0244342
0.529412	0.117647	0.0243304
0.529412	0.176471	0.023943
0.529412	0.235294	0.0230018
0.529412	0.294118	0.0211229
0.529412	0.352941	0.0178149
0.529412	0.411765	0.0125451
0.529412	0.470588	0.00491372
0.529412	0.529412	-0.00506862
0.529412	0.588235	-0.0166999
0.529412	0.647059	-0.0285075
0.529412	0.705882	-0.0385486
0.529412	0.764706	-0.0450261
0.529412	0.823529	-0.0468754
0.529412	0.882353	-0.0439899
0.529412	0.941176	-0.0372538
0.529412	1	-0.0293081

0.588235	0.0588235	0.0258808
0.588235	0.117647	0.0255397
0.588235	0.176471	0.0250273
0.588235	0.235294	0.0240821
0.588235	0.294118	0.0222825
0.588235	0.352941	0.0190656
0.588235	0.411765	0.0137779
0.588235	0.470588	0.00585046
0.588235	0.529412	-0.00487272
0.588235	0.588235	-0.0177527
0.588235	0.647059	-0.0311782
0.588235	0.705882	-0.0428588
0.588235	0.764706	-0.0505723
0.588235	0.823529	-0.0529419
0.588235	0.882353	-0.0498165
0.588235	0.941176	-0.0424627
0.588235	1	-0.0344144

0.647059	0.0588235	0.0271695
0.647059	0.117647	0.0266339
0.647059	0.176471	0.0260616
0.647059	0.235294	0.0252171
0.647059	0.294118	0.0236756
0.647059	0.352941	0.0208471
0.647059	0.411765	0.0159943
0.647059	0.470588	0.00838253
0.647059	0.529412	-0.00236915
0.647059	0.588235	-0.0158013
0.647059	0.647059	-0.0302778
0.647059	0.705882	-0.0431811
0.647059	0.764706	-0.0517423
0.647059	0.823529	-0.0540807
0.647059	0.882353	-0.0499138
0.647059	0.941176	-0.0410779
0.647059	1	-0.0324552

0.705882	0.0588235	0.0280613
0.705882	0.117647	0.0273999
0.705882	0.176471	0.026823
0.705882	0.235294	0.0261458
0.705882	0.294118	0.0249918
0.705882	0.352941	0.0228173
0.705882	0.411765	0.0188881
0.705882	0.470588	0.012373
0.705882	0.529412	0.00266608
0.705882	0.588235	-0.0100607
0.705882	0.647059	-0.024327
0.705882	0.705882	-0.0373161
0.705882	0.764706	-0.0456654
0.705882	0.823529	-0.0467956
0.705882	0.882353	-0.0401838
0.705882	0.941176	-0.0285158
0.705882	1	-0.0186762

0.764706	0.0588235	0.028381
0.764706	0.117647	0.027675
0.764706	0.176471	0.0271162
0.764706	0.235294	0.026594
0.764706	0.294118	0.0258329
0.764706	0.352941	0.0244185
0.764706	0.411765	0.0217454
0.764706	0.470588	0.0170399
0.764706	0.529412	0.00959041
0.764706	0.588235	-0.000725004
0.764706	0.647059	-0.0127553
0.764706	0.705882	-0.0237262
0.764706	0.764706	-0.0297911
0.764706	0.823529	-0.027558
0.764706	0.882353	-0.0161275
0.764706	0.941176	0.000662828
0.764706	1	0.0129563

0.823529	0.0588235	0.028097
0.823529	0.117647	0.027422
0.823529	0.176471	0.0268612
0.823529	0.235294	0.0263884
0.823529	0.294118	0.0258579
0.823529	0.352941	0.02504
0.823529	0.411765	0.0235735
0.823529	0.470588	0.0209435
0.823529	0.529412	0.0165955
0.823529	0.588235	0.0103261
0.823529	0.647059	0.00297232
0.823529	0.705882	-0.00294593
0.823529	0.764706	-0.00334612
0.823529	0.823529	0.00594327
0.823529	0.882353	0.0263505
0.823529	0.941176	0.0527007
0.823529	1	0.0706363

0.882353	0.0588235	0.0273668
0.882353	0.117647	0.0267701
0.882353	0.176471	0.0261494
0.882353	0.235294	0.0255545
0.882353	0.294118	0.0249589
0.882353	0.352941	0.0243063
0.882353	0.411765	0.0235074
0.882353	0.470588	0.0224384
0.882353	0.529412	0.0209988
0.882353	0.588235	0.0193419
0.882353	0.647059	0.0183975
0.882353	0.705882	0.0205912
0.882353	0.764706	0.030175
0.882353	0.823529	0.0521629
0.882353	0.882353	0.0889792
0.882353	0.941176	0.134473
0.882353	1	0.167513

0.941176	0.0588235	0.0265219
0.941176	0.117647	0.0259901
0.941176	0.176471	0.0252249
0.941176	0.235294	0.0243352
0.941176	0.294118	0.0233686
0.941176	0.352941	0.0223628
0.941176	0.411765	0.0213995
0.941176	0.470588	0.020676
0.941176	0.529412	0.0206204
0.941176	0.588235	0.0221054
0.941176	0.647059	0.0268372
0.941176	0.705882	0.0379435
0.941176	0.764706	0.0605049
0.941176	0.823529	0.101227
0.941176	0.882353	0.165765
0.941176	0.941176	0.251042
0.941176	1	0.32835

1	0.0588235	0.0259752
1	0.117647	0.0254179
1	0.176471	0.0244311
1	0.235294	0.0231686
1	0.294118	0.0216988
1	0.352941	0.0200588
1	0.411765	0.0183465
1	0.470588	0.0168471
1	0.529412	0.0162331
1	0.588235	0.0179002
1	0.647059	0.024496
1	0.705882	0.0405993
1	0.764706	0.0732969
1	0.823529	0.132356
1	0.882353	0.230048
1	0.941176	0.379053
1	1	0.566937

