0.0588235	0.0588235	1.31869e-05
0.0588235	0.117647	-9.31859e-05
0.0588235	0.176471	-0.000330952
0.0588235	0.235294	-0.000687972
0.0588235	0.294118	-0.00114553
0.0588235	0.352941	-0.00167994
0.0588235	0.411765	-0.00226181
0.0588235	0.470588	-0.00285736
0.0588235	0.529412	-0.00343405
0.0588235	0.588235	-0.003972
0.0588235	0.647059	-0.0044833
0.0588235	0.705882	-0.00504414
0.0588235	0.764706	-0.00584746
0.0588235	0.823529	-0.00726533
0.0588235	0.882353	-0.00973773
0.0588235	0.941176	-0.0121741

0.117647	0.0588235	-8.3499e-05
0.117647	0.117647	-0.000517754
0.117647	0.176471	-0.00132082
0.117647	0.235294	-0.0024645
0.117647	0.294118	-0.00390008
0.117647	0.352941	-0.00556231
0.117647	0.411765	-0.00736855
0.117647	0.470588	-0.00922219
0.117647	0.529412	-0.0110251
0.117647	0.588235	-0.0127026
0.117647	0.647059	-0.0142427
0.117647	0.705882	-0.0157483
0.117647	0.764706	-0.0174928
0.117647	0.823529	-0.0198931
0.117647	0.882353	-0.0229424
0.117647	0.941176	-0.0229935

0.176471	0.0588235	-0.000271604
0.176471	0.117647	-0.00119978
0.176471	0.176471	-0.00277926
0.176471	0.235294	-0.00495828
0.176471	0.294118	-0.00765588
0.176471	0.352941	-0.0107619
0.176471	0.411765	-0.0141333
0.176471	0.470588	-0.0175961
0.176471	0.529412	-0.0209624
0.176471	0.588235	-0.0240637
0.176471	0.647059	-0.0268029
0.176471	0.705882	-0.0292123
0.176471	0.764706	-0.031484
0.176471	0.823529	-0.0338242
0.176471	0.882353	-0.0355127
0.176471	0.941176	-0.031054

0.235294	0.0588235	-0.000509938
0.235294	0.117647	-0.00202191
0.235294	0.176471	-0.00448053
0.235294	0.235294	-0.00780347
0.235294	0.294118	-0.0118803
0.235294	0.352941	-0.0165611
0.235294	0.411765	-0.0216436
0.235294	0.470588	-0.0268699
0.235294	0.529412	-0.0319414
0.235294	0.588235	-0.0365593
0.235294	0.647059	-0.0404849
0.235294	0.705882	-0.0436024
0.235294	0.764706	-0.045926
0.235294	0.823529	-0.0473648
0.235294	0.882353	-0.0465632
0.235294	0.941176	-0.0370769

0.294118	0.0588235	-0.000761479
0.294118	0.117647	-0.00287231
0.294118	0.176471	-0.00621395
0.294118	0.235294	-0.0106738
0.294118	0.294118	-0.016121
0.294118	0.352941	-0.0223778
0.294118	0.411765	-0.0291911
0.294118	0.470588	-0.036217
0.294118	0.529412	-0.0430306
0.294118	0.588235	-0.0491709
0.294118	0.647059	-0.0542139
0.294118	0.705882	-0.0578466
0.294118	0.764706	-0.0598662
0.294118	0.823529	-0.0598862
0.294118	0.882353	-0.0560835
0.294118	0.941176	-0.0417078

0.352941	0.0588235	-0.000995259
0.352941	0.117647	-0.00365081
0.352941	0.176471	-0.00778768
0.352941	0.235294	-0.0132735
0.352941	0.294118	-0.0199742
0.352941	0.352941	-0.0277036
0.352941	0.411765	-0.0361732
0.352941	0.470588	-0.0449586
0.352941	0.529412	-0.0534989
0.352941	0.588235	-0.0611456
0.352941	0.647059	-0.0672554
0.352941	0.705882	-0.0712872
0.352941	0.764706	-0.0728079
0.352941	0.823529	-0.0711675
0.352941	0.882353	-0.0642348
0.352941	0.941176	-0.0453544

0.411765	0.0588235	-0.00118253
0.411765	0.117647	-0.00426356
0.411765	0.176471	-0.00902095
0.411765	0.235294	-0.0153229
0.411765	0.294118	-0.0230568
0.411765	0.352941	-0.0320544
0.411765	0.411765	-0.0420168
0.411765	0.470588	-0.0524544
0.411765	0.529412	-0.0626711
0.411765	0.588235	-0.0718149
0.411765	0.647059	-0.0789956
0.411765	0.705882	-0.0834182
0.411765	0.764706	-0.0844107
0.411765	0.823529	-0.0810905
0.411765	0.882353	-0.0711445
0.411765	0.941176	-0.0482489

0.470588	0.0588235	-0.00129514
0.470588	0.117647	-0.00462253
0.470588	0.176471	-0.00974615
0.470588	0.235294	-0.0165611
0.470588	0.294118	-0.0250042
0.470588	0.352941	-0.0349575
0.470588	0.411765	-0.0461454
0.470588	0.470588	-0.0580439
0.470588	0.529412	-0.0698394
0.470588	0.588235	-0.080475
0.470588	0.647059	-0.0887937
0.470588	0.705882	-0.0937183
0.470588	0.764706	-0.0943193
0.470588	0.823529	-0.0894972
0.470588	0.882353	-0.0768445
0.470588	0.941176	-0.0505011

0.529412	0.0588235	-0.00130853
0.529412	0.117647	-0.00465586
0.529412	0.176471	-0.00982831
0.529412	0.235294	-0.0167734
0.529412	0.294118	-0.0255024
0.529412	0.352941	-0.0359803
0.529412	0.411765	-0.0479973
0.529412	0.470588	-0.0610435
0.529412	0.529412	-0.074232
0.529412	0.588235	-0.0863256
0.529412	0.647059	-0.095895
0.529412	0.705882	-0.101549
0.529412	0.764706	-0.102066
0.529412	0.823529	-0.0961169
0.529412	0.882353	-0.0812509
0.529412	0.941176	-0.052131

0.588235	0.0588235	-0.00120886
0.588235	0.117647	-0.00432725
0.588235	0.176471	-0.00919879
0.588235	0.235294	-0.0158394
0.588235	0.294118	-0.0243489
0.588235	0.352941	-0.0347996
0.588235	0.411765	-0.0470932
0.588235	0.470588	-0.0608011
0.588235	0.529412	-0.0750413
0.588235	0.588235	-0.0884628
0.588235	0.647059	-0.0993909
0.588235	0.705882	-0.106097
0.588235	0.764706	-0.107006
0.588235	0.823529	-0.100522
0.588235	0.882353	-0.0841525
0.588235	0.941176	-0.0530846

0.647059	0.0588235	-0.00100143
0.647059	0.117647	-0.00365766
0.647059	0.176471	-0.00789281
0.647059	0.235294	-0.0137901
0.647059	0.294118	-0.0215316
0.647059	0.352941	-0.0313038
0.647059	0.411765	-0.043156
0.647059	0.470588	-0.0568181
0.647059	0.529412	-0.0715269
0.647059	0.588235	-0.0859409
0.647059	0.647059	-0.0982296
0.647059	0.705882	-0.106339
0.647059	0.764706	-0.108278
0.647059	0.823529	-0.102092
0.647059	0.882353	-0.0852001
0.647059	0.941176	-0.0532428

0.705882	0.0588235	-0.000716518
0.705882	0.117647	-0.00273927
0.705882	0.176471	-0.00607541
0.705882	0.235294	-0.0108536
0.705882	0.294118	-0.0173073
0.705882	0.352941	-0.0257147
0.705882	0.411765	-0.0362803
0.705882	0.470588	-0.0489552
0.705882	0.529412	-0.0632255
0.705882	0.588235	-0.0779446
0.705882	0.647059	-0.0913112
0.705882	0.705882	-0.101057
0.705882	0.764706	-0.104755
0.705882	0.823529	-0.0999684
0.705882	0.882353	-0.0838826
0.705882	0.941176	-0.0524199

0.764706	0.0588235	-0.000408106
0.764706	0.117647	-0.00173109
0.764706	0.176471	-0.00403785
0.764706	0.235294	-0.0074648
0.764706	0.294118	-0.0122454
0.764706	0.352941	-0.0186926
0.764706	0.411765	-0.0271238
0.764706	0.470588	-0.0377182
0.764706	0.529412	-0.0503087
0.764706	0.588235	-0.0641525
0.764706	0.647059	-0.0777719
0.764706	0.705882	-0.0889695
0.764706	0.764706	-0.0950334
0.764706	0.823529	-0.0929705
0.764706	0.882353	-0.0794621
0.764706	0.941176	-0.0503373

0.823529	0.0588235	-0.000142802
0.823529	0.117647	-0.000828543
0.823529	0.176471	-0.00214884
0.823529	0.235294	-0.00420858
0.823529	0.294118	-0.00718659
0.823529	0.352941	-0.0113513
0.823529	0.411765	-0.0170354
0.823529	0.470588	-0.0245584
0.823529	0.529412	-0.0340816
0.823529	0.588235	-0.0453913
0.823529	0.647059	-0.0576524
0.823529	0.705882	-0.0692188
0.823529	0.764706	-0.0775821
0.823529	0.823529	-0.0794431
0.823529	0.882353	-0.0707518
0.823529	0.941176	-0.0465016

0.882353	0.0588235	2.01907e-05
0.882353	0.117647	-0.000207994
0.882353	0.176471	-0.000756968
0.882353	0.235294	-0.00167866
0.882353	0.294118	-0.00306659
0.882353	0.352941	-0.00508114
0.882353	0.411765	-0.00795456
0.882353	0.470588	-0.0119758
0.882353	0.529412	-0.0174416
0.882353	0.588235	-0.0245477
0.882353	0.647059	-0.0331992
0.882353	0.705882	-0.0427439
0.882353	0.764706	-0.0516745
0.882353	0.823529	-0.0573274
0.882353	0.882353	-0.055509
0.882353	0.941176	-0.0398008

0.941176	0.0588235	5.47086e-05
0.941176	0.117647	4.33331e-05
0.941176	0.176471	-6.31497e-05
0.941176	0.235294	-0.000273308
0.941176	0.294118	-0.000609194
0.941176	0.352941	-0.0011193
0.941176	0.411765	-0.00188532
0.941176	0.470588	-0.00302841
0.941176	0.529412	-0.00471553
0.941176	0.588235	-0.00716028
0.941176	0.647059	-0.010598
0.941176	0.705882	-0.0151906
0.941176	0.764706	-0.0207985
0.941176	0.823529	-0.026563
0.941176	0.882353	-0.0301682
0.941176	0.941176	-0.0261082

