x   y   u   v
0.0588235	0.0588235	0.00019858	-0.00019858
0.0588235	0.117647	-0.00160185	0.00140327
0.0588235	0.176471	-0.00358048	0.00498375
0.0588235	0.235294	-0.0053763	0.01036
0.0588235	0.294118	-0.00689026	0.0172503
0.0588235	0.352941	-0.00804768	0.025298
0.0588235	0.411765	-0.00876224	0.0340602
0.0588235	0.470588	-0.0089682	0.0430284
0.0588235	0.529412	-0.0086843	0.0517127
0.0588235	0.588235	-0.00810088	0.0598136
0.0588235	0.647059	-0.00769963	0.0675132
0.0588235	0.705882	-0.00844562	0.0759589
0.0588235	0.764706	-0.0120969	0.0880558
0.0588235	0.823529	-0.0213515	0.109407
0.0588235	0.882353	-0.0372315	0.146639
0.0588235	0.941176	-0.0366886	0.183327
0.117647	0.0588235	-0.0012574	0.00145598
0.117647	0.117647	-0.00653937	0.0063935
0.117647	0.176471	-0.0120933	0.0149063
0.117647	0.235294	-0.0172224	0.0267524
0.117647	0.294118	-0.0216182	0.0414803
0.117647	0.352941	-0.0250311	0.0584638
0.117647	0.411765	-0.0271999	0.0769015
0.117647	0.470588	-0.0279135	0.0958468
0.117647	0.529412	-0.0271497	0.114312
0.117647	0.588235	-0.025262	0.131473
0.117647	0.647059	-0.0231913	0.146965
0.117647	0.705882	-0.0226728	0.161192
0.117647	0.764706	-0.0262699	0.175365
0.117647	0.823529	-0.0361452	0.190159
0.117647	0.882353	-0.0459194	0.198847
0.117647	0.941176	-0.000769792	0.162928
0.176471	0.0588235	-0.00409004	0.00283264
0.176471	0.117647	-0.0139772	0.0102704
0.176471	0.176471	-0.0237852	0.0219624
0.176471	0.235294	-0.0328135	0.0375534
0.176471	0.294118	-0.0406226	0.0565578
0.176471	0.352941	-0.0467734	0.0783001
0.176471	0.411765	-0.0507684	0.101869
0.176471	0.470588	-0.0521467	0.126102
0.176471	0.529412	-0.0506916	0.149644
0.176471	0.588235	-0.0467019	0.171084
0.176471	0.647059	-0.041249	0.189141
0.176471	0.705882	-0.0362836	0.202752
0.176471	0.764706	-0.0342085	0.210691
0.176471	0.823529	-0.0352415	0.209787
0.176471	0.882353	-0.0254269	0.189294
0.176471	0.941176	0.067144	0.121381
0.235294	0.0588235	-0.00767906	0.00358902
0.235294	0.117647	-0.0227686	0.0123804
0.235294	0.176471	-0.0370239	0.0256191
0.235294	0.235294	-0.0500396	0.0428453
0.235294	0.294118	-0.0613924	0.063615
0.235294	0.352941	-0.0704871	0.0873286
0.235294	0.411765	-0.0765369	0.113097
0.235294	0.470588	-0.0787011	0.139652
0.235294	0.529412	-0.0763712	0.165331
0.235294	0.588235	-0.0695397	0.188169
0.235294	0.647059	-0.0591157	0.206036
0.235294	0.705882	-0.046945	0.216697
0.235294	0.764706	-0.034991	0.21748
0.235294	0.823529	-0.0216671	0.203905
0.235294	0.882353	0.0120712	0.166407
0.235294	0.941176	0.142852	0.0906989
0.294118	0.0588235	-0.011467	0.00378792
0.294118	0.117647	-0.0317866	0.0128059
0.294118	0.176471	-0.0503213	0.0261033
0.294118	0.235294	-0.0671596	0.0432232
0.294118	0.294118	-0.082029	0.0638599
0.294118	0.352941	-0.0942202	0.087593
0.294118	0.411765	-0.1026	0.113657
0.294118	0.470588	-0.105801	0.140757
0.294118	0.529412	-0.102606	0.166991
0.294118	0.588235	-0.0924657	0.189917
0.294118	0.647059	-0.0759416	0.206743
0.294118	0.705882	-0.054704	0.214502
0.294118	0.764706	-0.0304118	0.209923
0.294118	0.823529	-0.000302277	0.188558
0.294118	0.882353	0.0572645	0.143365
0.294118	0.941176	0.216482	0.0697352
0.352941	0.0588235	-0.0149874	0.00352044
0.352941	0.117647	-0.0399894	0.0117233
0.352941	0.176471	-0.0622965	0.0236985
0.352941	0.235294	-0.0826095	0.0391484
0.352941	0.294118	-0.100906	0.0580251
0.352941	0.352941	-0.116395	0.0802002
0.352941	0.411765	-0.127543	0.105143
0.352941	0.470588	-0.132297	0.131639
0.352941	0.529412	-0.128606	0.157639
0.352941	0.588235	-0.115151	0.180324
0.352941	0.647059	-0.0920064	0.196389
0.352941	0.705882	-0.0607139	0.202399
0.352941	0.764706	-0.0229003	0.194887
0.352941	0.823529	0.0247031	0.169882
0.352941	0.882353	0.104397	0.122749
0.352941	0.941176	0.284316	0.0549145
0.411765	0.0588235	-0.0178075	0.00282008
0.411765	0.117647	-0.0463966	0.00922729
0.411765	0.176471	-0.0716408	0.0185716
0.411765	0.235294	-0.0949	0.0308621
0.411765	0.294118	-0.116463	0.0464193
0.411765	0.352941	-0.135494	0.0655179
0.411765	0.411765	-0.150021	0.0879963
0.411765	0.470588	-0.157178	0.112877
0.411765	0.529412	-0.153851	0.138122
0.411765	0.588235	-0.137696	0.160667
0.411765	0.647059	-0.108133	0.176794
0.411765	0.705882	-0.0665988	0.182679
0.411765	0.764706	-0.0149466	0.174725
0.411765	0.823529	0.049999	0.149429
0.411765	0.882353	0.149775	0.104051
0.411765	0.941176	0.344781	0.0435864
0.470588	0.0588235	-0.0195032	0.00169572
0.470588	0.117647	-0.0501066	0.00540571
0.470588	0.176471	-0.0771557	0.0109207
0.470588	0.235294	-0.102625	0.0186458
0.470588	0.294118	-0.127142	0.0293254
0.470588	0.352941	-0.149885	0.0437166
0.470588	0.411765	-0.168477	0.0621721
0.470588	0.470588	-0.179177	0.0841715
0.470588	0.529412	-0.177626	0.107946
0.470588	0.588235	-0.160161	0.130412
0.470588	0.647059	-0.12527	0.147548
0.470588	0.705882	-0.0741577	0.155107
0.470588	0.764706	-0.00905148	0.149212
0.470588	0.823529	0.072615	0.126596
0.470588	0.882353	0.190535	0.085836
0.470588	0.941176	0.3967	0.0339167
0.529412	0.0588235	-0.019705	0.000201733
0.529412	0.117647	-0.0504068	0.000501941
0.529412	0.176471	-0.077891	0.00123718
0.529412	0.235294	-0.104584	0.0031963
0.529412	0.294118	-0.131449	0.00750308
0.529412	0.352941	-0.157785	0.015403
0.529412	0.411765	-0.180962	0.0278881
0.529412	0.470588	-0.196461	0.0451716
0.529412	0.529412	-0.198602	0.0661477
0.529412	0.588235	-0.182115	0.088102
0.529412	0.647059	-0.144104	0.106936
0.529412	0.705882	-0.0851506	0.117929
0.529412	0.764706	-0.00777053	0.116648
0.529412	0.823529	0.0895787	0.0996846
0.529412	0.882353	0.223865	0.0663542
0.529412	0.941176	0.438511	0.0245437
0.588235	0.0588235	-0.018204	-0.00150094
0.588235	0.117647	-0.0469593	-0.00494845
0.588235	0.176471	-0.0733596	-0.00947981
0.588235	0.235294	-0.1	-0.0140641
0.588235	0.294118	-0.128143	-0.0173707
0.588235	0.352941	-0.157376	-0.0177795
0.588235	0.411765	-0.185126	-0.013615
0.588235	0.470588	-0.206425	-0.00365077
0.588235	0.529412	-0.214441	0.0121882
0.588235	0.588235	-0.202111	0.0321837
0.588235	0.647059	-0.164565	0.0526452
0.588235	0.705882	-0.100989	0.068484
0.588235	0.764706	-0.0136905	0.074404
0.588235	0.823529	0.0976472	0.0663355
0.588235	0.882353	0.246506	0.0436951
0.588235	0.941176	0.467846	0.0143599
0.647059	0.0588235	-0.0150803	-0.00312367
0.647059	0.117647	-0.0399997	-0.0100833
0.647059	0.176471	-0.0637765	-0.0196665
0.647059	0.235294	-0.0888066	-0.0308599
0.647059	0.294118	-0.116577	-0.0424257
0.647059	0.352941	-0.147159	-0.0526432
0.647059	0.411765	-0.17848	-0.0592897
0.647059	0.470588	-0.205736	-0.0599789
0.647059	0.529412	-0.221497	-0.0529233
0.647059	0.588235	-0.217059	-0.0379756
0.647059	0.647059	-0.185052	-0.017489
0.647059	0.705882	-0.122119	0.00364066
0.647059	0.764706	-0.0291972	0.0191473
0.647059	0.823529	0.0931507	0.0236438
0.647059	0.882353	0.254374	0.0157754
0.647059	0.941176	0.481238	0.00238317
0.705882	0.0588235	-0.0107899	-0.00429042
0.705882	0.117647	-0.0304602	-0.0138299
0.705882	0.176471	-0.0502384	-0.0273679
0.705882	0.235294	-0.0719541	-0.0442204
0.705882	0.294118	-0.0971846	-0.0636126
0.705882	0.352941	-0.126606	-0.0841655
0.705882	0.411765	-0.159106	-0.103539
0.705882	0.470588	-0.190869	-0.118406
0.705882	0.529412	-0.214894	-0.125009
0.705882	0.588235	-0.221651	-0.120416
0.705882	0.647059	-0.201286	-0.104182
0.705882	0.705882	-0.146757	-0.0795443
0.705882	0.764706	-0.0556837	-0.0530577
0.705882	0.823529	0.0720729	-0.0319799
0.705882	0.882353	0.242234	-0.0198392
0.705882	0.941176	0.473792	-0.0123927
0.764706	0.0588235	-0.0061456	-0.00464432
0.764706	0.117647	-0.0199225	-0.015182
0.764706	0.176471	-0.0347372	-0.0306832
0.764706	0.235294	-0.0516058	-0.0510315
0.764706	0.294118	-0.0719908	-0.0762253
0.764706	0.352941	-0.0970866	-0.105744
0.764706	0.411765	-0.126964	-0.137887
0.764706	0.470588	-0.159539	-0.169217
0.764706	0.529412	-0.189598	-0.194513
0.764706	0.588235	-0.208471	-0.207693
0.764706	0.647059	-0.205092	-0.203887
0.764706	0.705882	-0.168624	-0.18202
0.764706	0.764706	-0.091314	-0.14639
0.764706	0.823529	0.0310639	-0.105381
0.764706	0.882353	0.203421	-0.066568
0.764706	0.941176	0.438586	-0.0313617
0.823529	0.0588235	-0.00215043	-0.00399517
0.823529	0.117647	-0.0103265	-0.0135912
0.823529	0.176471	-0.0198822	-0.0284463
0.823529	0.235294	-0.0310171	-0.049035
0.823529	0.294118	-0.0448455	-0.0761803
0.823529	0.352941	-0.0627162	-0.110551
0.823529	0.411765	-0.0855955	-0.151919
0.823529	0.470588	-0.113288	-0.19817
0.823529	0.529412	-0.143407	-0.244361
0.823529	0.588235	-0.170311	-0.282522
0.823529	0.647059	-0.184639	-0.302975
0.823529	0.705882	-0.174176	-0.297423
0.823529	0.764706	-0.125941	-0.262796
0.823529	0.823529	-0.0280245	-0.203707
0.823529	0.882353	0.130881	-0.131167
0.823529	0.941176	0.365179	-0.0577607
0.882353	0.0588235	0.000304048	-0.00245447
0.882353	0.117647	-0.00343619	-0.00934475
0.882353	0.176471	-0.00826691	-0.02096
0.882353	0.235294	-0.0138796	-0.0380975
0.882353	0.294118	-0.0209006	-0.0620424
0.882353	0.352941	-0.0303368	-0.0944218
0.882353	0.411765	-0.0432703	-0.136747
0.882353	0.470588	-0.0605558	-0.189479
0.882353	0.529412	-0.0823081	-0.250578
0.882353	0.588235	-0.10701	-0.313879
0.882353	0.647059	-0.13028	-0.368237
0.882353	0.705882	-0.143733	-0.39868
0.882353	0.764706	-0.134484	-0.390137
0.882353	0.823529	-0.0851263	-0.333036
0.882353	0.882353	0.0273834	-0.229538
0.882353	0.941176	0.236547	-0.100906
0.941176	0.0588235	0.000823848	-0.0005198
0.941176	0.117647	-0.000171303	-0.00378469
0.941176	0.176471	-0.00160351	-0.0104481
0.941176	0.235294	-0.00316474	-0.021163
0.941176	0.294118	-0.00505804	-0.0370055
0.941176	0.352941	-0.00768155	-0.0596607
0.941176	0.411765	-0.0115354	-0.0913957
0.941176	0.470588	-0.0172136	-0.134738
0.941176	0.529412	-0.0254061	-0.19164
0.941176	0.588235	-0.0368149	-0.261835
0.941176	0.647059	-0.0517678	-0.340347
0.941176	0.705882	-0.0691593	-0.414921
0.941176	0.764706	-0.0844493	-0.464956
0.941176	0.823529	-0.0868062	-0.463276
0.941176	0.882353	-0.05429	-0.381603
0.941176	0.941176	0.0611384	-0.206194
