x   y   u   v
0.030303	0.030303	0.000724865	-0.000724865
0.030303	0.0606061	0.00135837	-0.00208324
0.030303	0.0909091	0.0013617	-0.00344494
0.030303	0.121212	0.000848113	-0.00429305
0.030303	0.151515	-0.000280198	-0.00401285
0.030303	0.181818	-0.00210868	-0.00190417
0.030303	0.212121	-0.00451634	0.00261218
0.030303	0.242424	-0.00712417	0.00973635
0.030303	0.272727	-0.00940448	0.0191408
0.030303	0.30303	-0.010875	0.0300159
0.030303	0.333333	-0.0112444	0.0412602
0.030303	0.363636	-0.0104551	0.0517153
0.030303	0.393939	-0.00864052	0.0603558
0.030303	0.424242	-0.0060502	0.066406
0.030303	0.454545	-0.00298209	0.0693881
0.030303	0.484848	0.000260374	0.0691277
0.030303	0.515152	0.0033882	0.0657395
0.030303	0.545455	0.00613291	0.0596066
0.030303	0.575758	0.00825126	0.0513553
0.030303	0.606061	0.00954055	0.0418148
0.030303	0.636364	0.00987367	0.0319411
0.030303	0.666667	0.00925564	0.0226855
0.030303	0.69697	0.00788475	0.0148007
0.030303	0.727273	0.00616079	0.00863995
0.030303	0.757576	0.00452689	0.00411307
0.030303	0.787879	0.00321866	0.000894401
0.030303	0.818182	0.00226482	-0.00137041
0.030303	0.848485	0.00164922	-0.00301964
0.030303	0.878788	0.00114596	-0.0041656
0.030303	0.909091	-0.000406315	-0.00375929
0.030303	0.939394	-0.00657071	0.00281142
0.030303	0.969697	-0.032672	0.0354835
0.0606061	0.030303	0.00201942	-0.00129455
0.0606061	0.0606061	0.00326362	-0.0031998
0.0606061	0.0909091	0.00270875	-0.00454685
0.0606061	0.121212	0.000640875	-0.00433961
0.0606061	0.151515	-0.00299013	-0.00162968
0.0606061	0.181818	-0.00807535	0.00433699
0.0606061	0.212121	-0.0140501	0.0138707
0.0606061	0.242424	-0.019942	0.0266886
0.0606061	0.272727	-0.0246858	0.0419699
0.0606061	0.30303	-0.0274834	0.0585782
0.0606061	0.333333	-0.0279745	0.0753083
0.0606061	0.363636	-0.0262164	0.0910697
0.0606061	0.393939	-0.0225449	0.104974
0.0606061	0.424242	-0.0174267	0.116351
0.0606061	0.454545	-0.0113501	0.124719
0.0606061	0.484848	-0.00476962	0.129749
0.0606061	0.515152	0.00190737	0.131229
0.0606061	0.545455	0.00831034	0.129052
0.0606061	0.575758	0.0140876	0.123216
0.0606061	0.606061	0.0188962	0.11386
0.0606061	0.636364	0.0224097	0.101324
0.0606061	0.666667	0.0243524	0.0862272
0.0606061	0.69697	0.024556	0.069556
0.0606061	0.727273	0.0230316	0.0526852
0.0606061	0.757576	0.0200314	0.0371807
0.0606061	0.787879	0.0160785	0.0243208
0.0606061	0.818182	0.0119065	0.0146792
0.0606061	0.848485	0.00807858	0.00824983
0.0606061	0.878788	0.00436705	0.00502874
0.0606061	0.909091	-0.00130816	0.00593059
0.0606061	0.939394	-0.0119963	0.0113562
0.0606061	0.969697	-0.0544218	0.0331059
0.0909091	0.030303	0.00311389	-0.00109447
0.0909091	0.0606061	0.00451135	-0.00234221
0.0909091	0.0909091	0.00268966	-0.00232312
0.0909091	0.121212	-0.00186589	0.000183647
0.0909091	0.151515	-0.00901171	0.00620523
0.0909091	0.181818	-0.0182025	0.0163324
0.0909091	0.212121	-0.0281759	0.0304582
0.0909091	0.242424	-0.0372323	0.0477485
0.0909091	0.272727	-0.0438257	0.0668884
0.0909091	0.30303	-0.0470461	0.0864511
0.0909091	0.333333	-0.0467062	0.105183
0.0909091	0.363636	-0.0431791	0.122146
0.0909091	0.393939	-0.0371253	0.136726
0.0909091	0.424242	-0.0292766	0.148576
0.0909091	0.454545	-0.0203006	0.157526
0.0909091	0.484848	-0.0107518	0.163508
0.0909091	0.515152	-0.00107438	0.16649
0.0909091	0.545455	0.00836573	0.166435
0.0909091	0.575758	0.0172416	0.163281
0.0909091	0.606061	0.0252302	0.156947
0.0909091	0.636364	0.0319896	0.147367
0.0909091	0.666667	0.0371524	0.134567
0.0909091	0.69697	0.0403401	0.118783
0.0909091	0.727273	0.0412056	0.100609
0.0909091	0.757576	0.0395167	0.0811234
0.0909091	0.787879	0.0352901	0.0619118
0.0909091	0.818182	0.0289662	0.0448521
0.0909091	0.848485	0.0212521	0.0316785
0.0909091	0.878788	0.0127853	0.0232603
0.0909091	0.909091	0.00121062	0.0207415
0.0909091	0.939394	-0.0118246	0.0205698
0.0909091	0.969697	-0.0622922	0.0284402
0.121212	0.030303	0.00371123	-0.000597336
0.121212	0.0606061	0.00457129	-0.000657276
0.121212	0.0909091	0.000659533	0.00137285
0.121212	0.121212	-0.00741894	0.00692591
0.121212	0.151515	-0.0191755	0.0170897
0.121212	0.181818	-0.0332561	0.0321433
0.121212	0.212121	-0.0473374	0.0513048
0.121212	0.242424	-0.058906	0.0729785
0.121212	0.272727	-0.0661527	0.0953056
0.121212	0.30303	-0.068411	0.116671
0.121212	0.333333	-0.0659807	0.135945
0.121212	0.363636	-0.0597425	0.152508
0.121212	0.393939	-0.0507433	0.166126
0.121212	0.424242	-0.0399545	0.176804
0.121212	0.454545	-0.028153	0.184657
0.121212	0.484848	-0.0159161	0.189821
0.121212	0.515152	-0.00365961	0.192406
0.121212	0.545455	0.00830241	0.19247
0.121212	0.575758	0.0197021	0.190009
0.121212	0.606061	0.0302722	0.184967
0.121212	0.636364	0.0397096	0.177247
0.121212	0.666667	0.0476543	0.166745
0.121212	0.69697	0.0536772	0.153408
0.121212	0.727273	0.0572865	0.137327
0.121212	0.757576	0.0579832	0.118861
0.121212	0.787879	0.0553028	0.0988482
0.121212	0.818182	0.0491563	0.078658
0.121212	0.848485	0.039444	0.0604662
0.121212	0.878788	0.0275846	0.0456668
0.121212	0.909091	0.0103381	0.0365394
0.121212	0.939394	-0.00405237	0.0287672
0.121212	0.969697	-0.0594636	0.0259386
0.151515	0.030303	0.00383244	-0.000121218
0.151515	0.0606061	0.00326626	0.00118381
0.151515	0.0909091	-0.00384775	0.0056911
0.151515	0.121212	-0.0168248	0.015097
0.151515	0.151515	-0.0343833	0.0303047
0.151515	0.181818	-0.0536929	0.0507415
0.151515	0.212121	-0.0711069	0.074511
0.151515	0.242424	-0.0835744	0.0991794
0.151515	0.272727	-0.0895667	0.122593
0.151515	0.30303	-0.0891564	0.143339
0.151515	0.333333	-0.0834242	0.160782
0.151515	0.363636	-0.0738434	0.174883
0.151515	0.393939	-0.0617814	0.185921
0.151515	0.424242	-0.048322	0.194289
0.151515	0.454545	-0.0342067	0.200342
0.151515	0.484848	-0.0199187	0.204345
0.151515	0.515152	-0.00575395	0.206439
0.151515	0.545455	0.00808032	0.206661
0.151515	0.575758	0.0214118	0.204952
0.151515	0.606061	0.0340396	0.201184
0.151515	0.636364	0.0457114	0.195182
0.151515	0.666667	0.0560727	0.186764
0.151515	0.69697	0.0646857	0.175756
0.151515	0.727273	0.0709535	0.162088
0.151515	0.757576	0.0742931	0.145779
0.151515	0.787879	0.0738591	0.127222
0.151515	0.818182	0.0694199	0.106959
0.151515	0.848485	0.0597327	0.08667
0.151515	0.878788	0.0470189	0.0672357
0.151515	0.909091	0.026091	0.0514827
0.151515	0.939394	0.0115963	0.0358341
0.151515	0.969697	-0.0460416	0.0224121
0.181818	0.030303	0.00355661	0.000275837
0.181818	0.0606061	0.000403212	0.00313888
0.181818	0.0909091	-0.0115044	0.0107955
0.181818	0.121212	-0.0310341	0.0250048
0.181818	0.151515	-0.0550602	0.0456818
0.181818	0.181818	-0.0787362	0.0707251
0.181818	0.212121	-0.097466	0.0970841
0.181818	0.242424	-0.108415	0.121925
0.181818	0.272727	-0.111025	0.143383
0.181818	0.30303	-0.106507	0.160734
0.181818	0.333333	-0.0968183	0.174128
0.181818	0.363636	-0.083909	0.184194
0.181818	0.393939	-0.069259	0.191671
0.181818	0.424242	-0.0538655	0.197215
0.181818	0.454545	-0.0382768	0.201285
0.181818	0.484848	-0.0227925	0.204159
0.181818	0.515152	-0.00753325	0.205938
0.181818	0.545455	0.00741333	0.206605
0.181818	0.575758	0.02199	0.206027
0.181818	0.606061	0.0360632	0.204003
0.181818	0.636364	0.0494681	0.200247
0.181818	0.666667	0.0618621	0.194457
0.181818	0.69697	0.0728643	0.186279
0.181818	0.727273	0.0817444	0.175488
0.181818	0.757576	0.087953	0.161828
0.181818	0.787879	0.0901901	0.145497
0.181818	0.818182	0.0884299	0.126487
0.181818	0.848485	0.0802199	0.106
0.181818	0.878788	0.0688305	0.084188
0.181818	0.909091	0.0465284	0.0637506
0.181818	0.939394	0.0328328	0.0425141
0.181818	0.969697	-0.0271754	0.0236479
0.212121	0.030303	0.00283634	0.000720263
0.212121	0.0606061	-0.00446905	0.00559253
0.212121	0.0909091	-0.0232106	0.0172987
0.212121	0.121212	-0.0504911	0.0367557
0.212121	0.151515	-0.0801876	0.061883
0.212121	0.181818	-0.105942	0.0890892
0.212121	0.212121	-0.12323	0.114853
0.212121	0.242424	-0.130252	0.13669
0.212121	0.272727	-0.127917	0.153582
0.212121	0.30303	-0.1187	0.165775
0.212121	0.333333	-0.105273	0.17423
0.212121	0.363636	-0.0897579	0.180078
0.212121	0.393939	-0.0734587	0.184278
0.212121	0.424242	-0.057082	0.187495
0.212121	0.454545	-0.0408744	0.190092
0.212121	0.484848	-0.0249314	0.192231
0.212121	0.515152	-0.00921087	0.193909
0.212121	0.545455	0.00626573	0.195056
0.212121	0.575758	0.0215331	0.195513
0.212121	0.606061	0.0364806	0.195096
0.212121	0.636364	0.0510687	0.193495
0.212121	0.666667	0.0649659	0.190391
0.212121	0.69697	0.0779778	0.185278
0.212121	0.727273	0.0892447	0.177778
0.212121	0.757576	0.0984259	0.167305
0.212121	0.787879	0.103676	0.153819
0.212121	0.818182	0.105333	0.136916
0.212121	0.848485	0.0997203	0.117416
0.212121	0.878788	0.0911619	0.0950844
0.212121	0.909091	0.0696695	0.0719434
0.212121	0.939394	0.05798	0.0467962
0.212121	0.969697	-0.000652878	0.0202737
0.242424	0.030303	0.00145567	0.00138068
0.242424	0.0606061	-0.0120579	0.00896951
0.242424	0.0909091	-0.0395627	0.0253216
0.242424	0.121212	-0.074199	0.0490296
0.242424	0.151515	-0.107181	0.0760232
0.242424	0.181818	-0.132153	0.102234
0.242424	0.212121	-0.145524	0.124528
0.242424	0.242424	-0.147014	0.14129
0.242424	0.272727	-0.139212	0.152585
0.242424	0.30303	-0.125719	0.159605
0.242424	0.333333	-0.109548	0.16388
0.242424	0.363636	-0.0925892	0.166711
0.242424	0.393939	-0.0756971	0.16895
0.242424	0.424242	-0.0591562	0.171024
0.242424	0.454545	-0.0429014	0.173051
0.242424	0.484848	-0.0268761	0.174996
0.242424	0.515152	-0.01095	0.176735
0.242424	0.545455	0.00483691	0.178164
0.242424	0.575758	0.0205493	0.179148
0.242424	0.606061	0.0360337	0.179594
0.242424	0.636364	0.0513659	0.179297
0.242424	0.666667	0.0662182	0.178045
0.242424	0.69697	0.0806713	0.175351
0.242424	0.727273	0.0938235	0.170773
0.242424	0.757576	0.105697	0.163501
0.242424	0.787879	0.11402	0.153157
0.242424	0.818182	0.119485	0.139005
0.242424	0.848485	0.117315	0.12141
0.242424	0.878788	0.112574	0.0999978
0.242424	0.909091	0.0932923	0.076375
0.242424	0.939394	0.0842366	0.0501184
0.242424	0.969697	0.024279	0.0251865
0.272727	0.030303	-0.000905929	0.00236159
0.272727	0.0606061	-0.0230744	0.0133781
0.272727	0.0909091	-0.0599942	0.0338096
0.272727	0.121212	-0.0997165	0.0593271
0.272727	0.151515	-0.133136	0.085282
0.272727	0.181818	-0.154991	0.10812
0.272727	0.212121	-0.162856	0.125452
0.272727	0.242424	-0.158248	0.136685
0.272727	0.272727	-0.145479	0.142952
0.272727	0.30303	-0.128914	0.146147
0.272727	0.333333	-0.111385	0.147984
0.272727	0.363636	-0.0941663	0.149561
0.272727	0.393939	-0.0775047	0.151368
0.272727	0.424242	-0.0612596	0.153472
0.272727	0.454545	-0.0451449	0.155715
0.272727	0.484848	-0.0290445	0.157884
0.272727	0.515152	-0.0128337	0.159767
0.272727	0.545455	0.00336247	0.161242
0.272727	0.575758	0.0195719	0.162219
0.272727	0.606061	0.0355435	0.162709
0.272727	0.636364	0.0514147	0.162661
0.272727	0.666667	0.0668338	0.162045
0.272727	0.69697	0.0821646	0.160552
0.272727	0.727273	0.096548	0.157827
0.272727	0.757576	0.110497	0.153028
0.272727	0.787879	0.121517	0.145531
0.272727	0.818182	0.130743	0.134273
0.272727	0.848485	0.132395	0.119192
0.272727	0.878788	0.132106	0.0996608
0.272727	0.909091	0.116173	0.0767805
0.272727	0.939394	0.110653	0.0503641
0.272727	0.969697	0.0553141	0.0193291
0.30303	0.030303	-0.00460432	0.00369839
0.30303	0.0606061	-0.0376975	0.0183215
0.30303	0.0909091	-0.0825254	0.0408527
0.30303	0.121212	-0.124389	0.0655252
0.30303	0.151515	-0.156096	0.0884847
0.30303	0.181818	-0.173373	0.106867
0.30303	0.212121	-0.175031	0.119043
0.30303	0.242424	-0.16469	0.125484
0.30303	0.272727	-0.148217	0.128222
0.30303	0.30303	-0.130139	0.129447
0.30303	0.333333	-0.112568	0.13063
0.30303	0.363636	-0.0959342	0.132398
0.30303	0.393939	-0.0799061	0.134799
0.30303	0.424242	-0.0640415	0.137581
0.30303	0.454545	-0.0479722	0.140408
0.30303	0.484848	-0.0316055	0.142969
0.30303	0.515152	-0.0148866	0.145022
0.30303	0.545455	0.00195286	0.146432
0.30303	0.575758	0.018861	0.147143
0.30303	0.606061	0.0354673	0.147219
0.30303	0.636364	0.0518996	0.146734
0.30303	0.666667	0.0677479	0.14582
0.30303	0.69697	0.0835781	0.144406
0.30303	0.727273	0.0986223	0.142332
0.30303	0.757576	0.113898	0.138931
0.30303	0.787879	0.126959	0.133488
0.30303	0.818182	0.139412	0.124819
0.30303	0.848485	0.144874	0.11234
0.30303	0.878788	0.148986	0.0954598
0.30303	0.909091	0.137043	0.0745891
0.30303	0.939394	0.134275	0.0509675
0.30303	0.969697	0.0787243	0.0275573
0.333333	0.030303	-0.0100156	0.0054113
0.333333	0.0606061	-0.0549616	0.0226754
0.333333	0.0909091	-0.104685	0.0448354
0.333333	0.121212	-0.146429	0.0668749
0.333333	0.151515	-0.175184	0.0859637
0.333333	0.181818	-0.187159	0.0997488
0.333333	0.212121	-0.182705	0.107423
0.333333	0.242424	-0.167726	0.110459
0.333333	0.272727	-0.149157	0.111399
0.333333	0.30303	-0.130984	0.112244
0.333333	0.333333	-0.114243	0.11392
0.333333	0.363636	-0.0985567	0.116542
0.333333	0.393939	-0.0831912	0.119828
0.333333	0.424242	-0.0675736	0.12336
0.333333	0.454545	-0.0513642	0.126752
0.333333	0.484848	-0.0345302	0.129676
0.333333	0.515152	-0.0171075	0.131897
0.333333	0.545455	0.000581232	0.133269
0.333333	0.575758	0.0183877	0.133742
0.333333	0.606061	0.0358303	0.133379
0.333333	0.636364	0.0529687	0.13231
0.333333	0.666667	0.069313	0.130745
0.333333	0.69697	0.0855073	0.128816
0.333333	0.727273	0.100875	0.126563
0.333333	0.757576	0.116839	0.123622
0.333333	0.787879	0.131222	0.119359
0.333333	0.818182	0.146126	0.112646
0.333333	0.848485	0.154978	0.102542
0.333333	0.878788	0.16332	0.088208
0.333333	0.909091	0.155652	0.0695996
0.333333	0.939394	0.157282	0.0465923
0.333333	0.969697	0.108136	0.0171803
0.363636	0.030303	-0.0173784	0.0073628
0.363636	0.0606061	-0.0728661	0.0252673
0.363636	0.0909091	-0.124546	0.0451281
0.363636	0.121212	-0.164957	0.0636569
0.363636	0.151515	-0.190225	0.0786978
0.363636	0.181818	-0.196833	0.0883718
0.363636	0.212121	-0.187019	0.0926858
0.363636	0.242424	-0.16884	0.0937996
0.363636	0.272727	-0.149638	0.0942808
0.363636	0.30303	-0.132306	0.0956019
0.363636	0.333333	-0.11675	0.0981087
0.363636	0.363636	-0.102011	0.101563
0.363636	0.393939	-0.0871619	0.105534
0.363636	0.424242	-0.071625	0.109585
0.363636	0.454545	-0.0551379	0.113359
0.363636	0.484848	-0.0377219	0.116551
0.363636	0.515152	-0.0194956	0.118939
0.363636	0.545455	-0.000845004	0.120365
0.363636	0.575758	0.0179813	0.120771
0.363636	0.606061	0.0364141	0.120188
0.363636	0.636364	0.0544092	0.118747
0.363636	0.666667	0.0714	0.11666
0.363636	0.69697	0.0879967	0.114171
0.363636	0.727273	0.103588	0.111458
0.363636	0.757576	0.119834	0.108463
0.363636	0.787879	0.134946	0.104738
0.363636	0.818182	0.151459	0.0994054
0.363636	0.848485	0.163038	0.0913458
0.363636	0.878788	0.174844	0.0798218
0.363636	0.909091	0.17113	0.0643435
0.363636	0.939394	0.174542	0.0470837
0.363636	0.969697	0.126149	0.0290707
0.393939	0.030303	-0.0263813	0.00900283
0.393939	0.0606061	-0.0892852	0.0254219
0.393939	0.0909091	-0.14097	0.0418453
0.393939	0.121212	-0.179689	0.0565773
0.393939	0.151515	-0.201502	0.0678536
0.393939	0.181818	-0.203234	0.0742545
0.393939	0.212121	-0.189162	0.0763975
0.393939	0.242424	-0.169156	0.0767138
0.393939	0.272727	-0.150357	0.0774321
0.393939	0.30303	-0.134283	0.0794096
0.393939	0.333333	-0.119911	0.0825706
0.393939	0.363636	-0.105966	0.0865255
0.393939	0.393939	-0.0914723	0.0908359
0.393939	0.424242	-0.0759135	0.0951244
0.393939	0.454545	-0.0591006	0.0990871
0.393939	0.484848	-0.0410842	0.10245
0.393939	0.515152	-0.0220467	0.105001
0.393939	0.545455	-0.00241359	0.106569
0.393939	0.575758	0.0174653	0.107085
0.393939	0.606061	0.0369556	0.106544
0.393939	0.636364	0.0558932	0.10506
0.393939	0.666667	0.0736571	0.102803
0.393939	0.69697	0.0907529	0.100047
0.393939	0.727273	0.106615	0.0970189
0.393939	0.757576	0.122968	0.0938851
0.393939	0.787879	0.138441	0.0903902
0.393939	0.818182	0.155897	0.0859524
0.393939	0.848485	0.169584	0.0794066
0.393939	0.878788	0.184339	0.0699119
0.393939	0.909091	0.184679	0.0563625
0.393939	0.939394	0.192515	0.0383898
0.393939	0.969697	0.151355	0.0131837
0.424242	0.030303	-0.035999	0.00961774
0.424242	0.0606061	-0.102638	0.0229705
0.424242	0.0909091	-0.153444	0.0354451
0.424242	0.121212	-0.190694	0.0464503
0.424242	0.151515	-0.209529	0.0544777
0.424242	0.181818	-0.207258	0.0585026
0.424242	0.212121	-0.190107	0.0594475
0.424242	0.242424	-0.169341	0.0596323
0.424242	0.272727	-0.151491	0.0607665
0.424242	0.30303	-0.136712	0.0631953
0.424242	0.333333	-0.123353	0.0666377
0.424242	0.363636	-0.110034	0.0707051
0.424242	0.393939	-0.0957924	0.0750252
0.424242	0.424242	-0.0801921	0.0793038
0.424242	0.454545	-0.0630863	0.0832894
0.424242	0.484848	-0.0445287	0.0867339
0.424242	0.515152	-0.0247449	0.0894321
0.424242	0.545455	-0.00418555	0.0912041
0.424242	0.575758	0.0166994	0.09197
0.424242	0.606061	0.0372277	0.0916978
0.424242	0.636364	0.0571105	0.0904805
0.424242	0.666667	0.0756995	0.0884382
0.424242	0.69697	0.0933638	0.0858273
0.424242	0.727273	0.109582	0.0828606
0.424242	0.757576	0.125999	0.0798294
0.424242	0.787879	0.141629	0.0766411
0.424242	0.818182	0.159493	0.0730449
0.424242	0.848485	0.174596	0.0680328
0.424242	0.878788	0.19129	0.0610819
0.424242	0.909091	0.194496	0.0512655
0.424242	0.939394	0.202567	0.0412126
0.424242	0.969697	0.162727	0.0298412
0.454545	0.030303	-0.0448052	0.00880625
0.454545	0.0606061	-0.111952	0.0181203
0.454545	0.0909091	-0.161829	0.0265053
0.454545	0.121212	-0.198189	0.0339996
0.454545	0.151515	-0.21488	0.0393501
0.454545	0.181818	-0.209713	0.041805
0.454545	0.212121	-0.190539	0.0422375
0.454545	0.242424	-0.169669	0.0425658
0.454545	0.272727	-0.152907	0.0439819
0.454545	0.30303	-0.139248	0.0465185
0.454545	0.333333	-0.1267	0.0498654
0.454545	0.363636	-0.11388	0.0537118
0.454545	0.393939	-0.0998526	0.057772
0.454545	0.424242	-0.0842534	0.0618334
0.454545	0.454545	-0.0669431	0.0656902
0.454545	0.484848	-0.0479601	0.0691216
0.454545	0.515152	-0.0275547	0.0719314
0.454545	0.545455	-0.00619567	0.0739415
0.454545	0.575758	0.0155754	0.0750654
0.454545	0.606061	0.0370426	0.0752506
0.454545	0.636364	0.057795	0.074566
0.454545	0.666667	0.0771805	0.073085
0.454545	0.69697	0.0954276	0.0710212
0.454545	0.727273	0.112073	0.0685299
0.454545	0.757576	0.128604	0.065925
0.454545	0.787879	0.14437	0.063184
0.454545	0.818182	0.16241	0.0602664
0.454545	0.848485	0.178604	0.0562584
0.454545	0.878788	0.196962	0.0505859
0.454545	0.909091	0.203547	0.0415348
0.454545	0.939394	0.215691	0.0284112
0.454545	0.969697	0.1835	0.00763766
0.484848	0.030303	-0.0513595	0.00655425
0.484848	0.0606061	-0.116696	0.011298
0.484848	0.0909091	-0.166127	0.0155961
0.484848	0.121212	-0.202399	0.0198067
0.484848	0.151515	-0.218062	0.0229897
0.484848	0.181818	-0.211227	0.0245033
0.484848	0.212121	-0.190885	0.0248492
0.484848	0.242424	-0.170185	0.0253652
0.484848	0.272727	-0.154373	0.0268314
0.484848	0.30303	-0.141576	0.0291593
0.484848	0.333333	-0.129651	0.0321099
0.484848	0.363636	-0.117245	0.0354752
0.484848	0.393939	-0.103433	0.0390556
0.484848	0.424242	-0.0879099	0.0427121
0.484848	0.454545	-0.0705163	0.0462853
0.484848	0.484848	-0.0512655	0.0495907
0.484848	0.515152	-0.030418	0.052454
0.484848	0.545455	-0.00845484	0.0547132
0.484848	0.575758	0.0140109	0.0562777
0.484848	0.606061	0.0362428	0.0570775
0.484848	0.636364	0.0577199	0.0571526
0.484848	0.666667	0.0777994	0.0565337
0.484848	0.69697	0.0965731	0.0553882
0.484848	0.727273	0.11365	0.0538116
0.484848	0.757576	0.130317	0.052099
0.484848	0.787879	0.1462	0.0502697
0.484848	0.818182	0.164195	0.0484854
0.484848	0.848485	0.180978	0.0461112
0.484848	0.878788	0.199997	0.0430767
0.484848	0.909091	0.208091	0.0385321
0.484848	0.939394	0.21878	0.0354431
0.484848	0.969697	0.188268	0.0306758
0.515152	0.030303	-0.054458	0.00309851
0.515152	0.0606061	-0.116627	0.0030302
0.515152	0.0909091	-0.16635	0.00325288
0.515152	0.121212	-0.203467	0.00432018
0.515152	0.151515	-0.219436	0.00569328
0.515152	0.181818	-0.212243	0.00670899
0.515152	0.212121	-0.191413	0.00723693
0.515152	0.242424	-0.170859	0.00791062
0.515152	0.272727	-0.155686	0.00922347
0.515152	0.30303	-0.143465	0.0111121
0.515152	0.333333	-0.131992	0.0134529
0.515152	0.363636	-0.11994	0.0161471
0.515152	0.393939	-0.106359	0.0190728
0.515152	0.424242	-0.0909949	0.0221578
0.515152	0.454545	-0.0736553	0.0252968
0.515152	0.484848	-0.0543255	0.0283568
0.515152	0.515152	-0.0332641	0.0312029
0.515152	0.545455	-0.0109534	0.0337014
0.515152	0.575758	0.0119514	0.035761
0.515152	0.606061	0.0347066	0.0372972
0.515152	0.636364	0.0567059	0.0383112
0.515152	0.666667	0.0773279	0.0387827
0.515152	0.69697	0.0965413	0.0388145
0.515152	0.727273	0.114037	0.0384273
0.515152	0.757576	0.130903	0.0378407
0.515152	0.787879	0.147012	0.0370288
0.515152	0.818182	0.165045	0.0361786
0.515152	0.848485	0.182468	0.0346883
0.515152	0.878788	0.20238	0.0323047
0.515152	0.909091	0.213282	0.0271147
0.515152	0.939394	0.227849	0.0180457
0.515152	0.969697	0.205427	0.000886033
0.545455	0.030303	-0.0532796	-0.00117842
0.545455	0.0606061	-0.111701	-0.00610508
0.545455	0.0909091	-0.162452	-0.0100028
0.545455	0.121212	-0.201387	-0.0120828
0.545455	0.151515	-0.219149	-0.0123695
0.545455	0.181818	-0.213018	-0.0115944
0.545455	0.212121	-0.192315	-0.0106929
0.545455	0.242424	-0.171697	-0.00985486
0.545455	0.272727	-0.156743	-0.00879766
0.545455	0.30303	-0.144796	-0.00746661
0.545455	0.333333	-0.133603	-0.00585542
0.545455	0.363636	-0.121845	-0.0039496
0.545455	0.393939	-0.10851	-0.00179851
0.545455	0.424242	-0.09338	0.000586647
0.545455	0.454545	-0.0762359	0.00316728
0.545455	0.484848	-0.0570339	0.00587567
0.545455	0.515152	-0.0360209	0.00863242
0.545455	0.545455	-0.0136614	0.0113404
0.545455	0.575758	0.00937755	0.0139143
0.545455	0.606061	0.0323576	0.0162632
0.545455	0.636364	0.0546184	0.0183507
0.545455	0.666667	0.075567	0.0201117
0.545455	0.69697	0.0950662	0.0215868
0.545455	0.727273	0.112887	0.0227371
0.545455	0.757576	0.12992	0.0237203
0.545455	0.787879	0.146232	0.0245004
0.545455	0.818182	0.164186	0.0253596
0.545455	0.848485	0.181833	0.0259954
0.545455	0.878788	0.201584	0.026792
0.545455	0.909091	0.212744	0.0273291
0.545455	0.939394	0.224271	0.0309073
0.545455	0.969697	0.203957	0.0323774
0.575758	0.030303	-0.0474796	-0.0058
0.575758	0.0606061	-0.102032	-0.0154684
0.575758	0.0909091	-0.154333	-0.0235881
0.575758	0.121212	-0.195976	-0.028999
0.575758	0.151515	-0.217084	-0.0310643
0.575758	0.181818	-0.213603	-0.0304793
0.575758	0.212121	-0.193754	-0.0290405
0.575758	0.242424	-0.172812	-0.0279256
0.575758	0.272727	-0.157576	-0.0270933
0.575758	0.30303	-0.145567	-0.026322
0.575758	0.333333	-0.134457	-0.0254674
0.575758	0.363636	-0.122924	-0.024389
0.575758	0.393939	-0.109837	-0.023062
0.575758	0.424242	-0.0949991	-0.0214429
0.575758	0.454545	-0.078184	-0.0194947
0.575758	0.484848	-0.0593164	-0.0172122
0.575758	0.515152	-0.0386247	-0.0146084
0.575758	0.545455	-0.0165321	-0.0117377
0.575758	0.575758	0.0063112	-0.00867138
0.575758	0.606061	0.0291922	-0.00550593
0.575758	0.636364	0.051435	-0.00232251
0.575758	0.666667	0.0724806	0.000763819
0.575758	0.69697	0.0921153	0.00371472
0.575758	0.727273	0.11019	0.00641169
0.575758	0.757576	0.127429	0.00890245
0.575758	0.787879	0.144078	0.0110561
0.575758	0.818182	0.162189	0.0130526
0.575758	0.848485	0.180393	0.014492
0.575758	0.878788	0.200755	0.0153207
0.575758	0.909091	0.214468	0.0135974
0.575758	0.939394	0.23018	0.00768856
0.575758	0.969697	0.218669	-0.00702306
0.606061	0.030303	-0.0372743	-0.0102053
0.606061	0.0606061	-0.0879287	-0.0243089
0.606061	0.0909091	-0.141883	-0.0367585
0.606061	0.121212	-0.186866	-0.0458685
0.606061	0.151515	-0.212792	-0.0501601
0.606061	0.181818	-0.213762	-0.0500011
0.606061	0.212121	-0.195829	-0.0479256
0.606061	0.242424	-0.174439	-0.0462983
0.606061	0.272727	-0.158365	-0.0455088
0.606061	0.30303	-0.145902	-0.0451745
0.606061	0.333333	-0.134627	-0.045005
0.606061	0.363636	-0.123217	-0.0447116
0.606061	0.393939	-0.110371	-0.0441775
0.606061	0.424242	-0.0958624	-0.0433142
0.606061	0.454545	-0.0794898	-0.0420084
0.606061	0.484848	-0.0611426	-0.0401822
0.606061	0.515152	-0.0410302	-0.0377767
0.606061	0.545455	-0.0195141	-0.0347946
0.606061	0.575758	0.00279449	-0.0312779
0.606061	0.606061	0.0252319	-0.0273177
0.606061	0.636364	0.0471422	-0.0230249
0.606061	0.666667	0.0680023	-0.0185466
0.606061	0.69697	0.0875527	-0.0139841
0.606061	0.727273	0.105709	-0.0095031
0.606061	0.757576	0.123043	-0.00511681
0.606061	0.787879	0.139915	-0.000954057
0.606061	0.818182	0.157993	0.00324206
0.606061	0.848485	0.176225	0.00741045
0.606061	0.878788	0.195879	0.0122863
0.606061	0.909091	0.208714	0.0180398
0.606061	0.939394	0.219961	0.0282588
0.606061	0.969697	0.21128	0.0356481
0.636364	0.030303	-0.0235225	-0.0137518
0.636364	0.0606061	-0.0699664	-0.0317141
0.636364	0.0909091	-0.125096	-0.0485012
0.636364	0.121212	-0.173548	-0.0618186
0.636364	0.151515	-0.205444	-0.0691663
0.636364	0.181818	-0.212831	-0.0700969
0.636364	0.212121	-0.19844	-0.0674865
0.636364	0.242424	-0.176891	-0.0650339
0.636364	0.272727	-0.159452	-0.0639471
0.636364	0.30303	-0.146056	-0.0637924
0.636364	0.333333	-0.134287	-0.0641319
0.636364	0.363636	-0.122845	-0.0645041
0.636364	0.393939	-0.110219	-0.064656
0.636364	0.424242	-0.0960579	-0.0644605
0.636364	0.454545	-0.0802128	-0.0637375
0.636364	0.484848	-0.0625342	-0.062346
0.636364	0.515152	-0.0432167	-0.0601595
0.636364	0.545455	-0.0225453	-0.0571283
0.636364	0.575758	-0.00107012	-0.0532637
0.636364	0.606061	0.0206176	-0.0486494
0.636364	0.636364	0.0419114	-0.0434186
0.636364	0.666667	0.062336	-0.0377522
0.636364	0.69697	0.0816283	-0.0318279
0.636364	0.727273	0.0997642	-0.025883
0.636364	0.757576	0.117207	-0.0200472
0.636364	0.787879	0.13442	-0.0145518
0.636364	0.818182	0.15275	-0.00930898
0.636364	0.848485	0.171532	-0.00461618
0.636364	0.878788	0.191777	-0.000514487
0.636364	0.909091	0.207246	0.000953755
0.636364	0.939394	0.223702	-0.00278788
0.636364	0.969697	0.224839	-0.0163477
0.666667	0.030303	-0.0077705	-0.015752
0.666667	0.0606061	-0.049111	-0.0366074
0.666667	0.0909091	-0.10423	-0.0574733
0.666667	0.121212	-0.155512	-0.0755103
0.666667	0.151515	-0.193844	-0.0871102
0.666667	0.181818	-0.209544	-0.0903974
0.666667	0.212121	-0.20101	-0.0878269
0.666667	0.242424	-0.180395	-0.0843235
0.666667	0.272727	-0.161311	-0.0824644
0.666667	0.30303	-0.146442	-0.082079
0.666667	0.333333	-0.133741	-0.0826257
0.666667	0.363636	-0.122002	-0.0834687
0.666667	0.393939	-0.109545	-0.0841431
0.666667	0.424242	-0.0957356	-0.0844654
0.666667	0.454545	-0.0804746	-0.0842036
0.666667	0.484848	-0.0635707	-0.0831671
0.666667	0.515152	-0.0452114	-0.0811724
0.666667	0.545455	-0.0256075	-0.0781101
0.666667	0.575758	-0.00522873	-0.0739515
0.666667	0.606061	0.0154203	-0.0687542
0.666667	0.636364	0.0358052	-0.062648
0.666667	0.666667	0.0555091	-0.0558211
0.666667	0.69697	0.0742931	-0.0484859
0.666667	0.727273	0.0921693	-0.040891
0.666667	0.757576	0.109506	-0.0331903
0.666667	0.787879	0.126783	-0.0255539
0.666667	0.818182	0.144961	-0.0177644
0.666667	0.848485	0.163454	-0.00968676
0.666667	0.878788	0.182441	-0.000349963
0.666667	0.909091	0.195872	0.0110237
0.666667	0.939394	0.206566	0.0281604
0.666667	0.969697	0.211792	0.0412074
0.69697	0.030303	0.00781803	-0.0155885
0.69697	0.0606061	-0.0268376	-0.037862
0.69697	0.0909091	-0.0800297	-0.0620621
0.69697	0.121212	-0.132511	-0.0850627
0.69697	0.151515	-0.176604	-0.102303
0.69697	0.181818	-0.201928	-0.109918
0.69697	0.212121	-0.20212	-0.108809
0.69697	0.242424	-0.184731	-0.104473
0.69697	0.272727	-0.164427	-0.101357
0.69697	0.30303	-0.147624	-0.100175
0.69697	0.333333	-0.133455	-0.10046
0.69697	0.363636	-0.120984	-0.101478
0.69697	0.393939	-0.108549	-0.102474
0.69697	0.424242	-0.0950766	-0.103133
0.69697	0.454545	-0.0804288	-0.103178
0.69697	0.484848	-0.0643635	-0.102386
0.69697	0.515152	-0.0470488	-0.100548
0.69697	0.545455	-0.0286476	-0.0975082
0.69697	0.575758	-0.00953327	-0.0932036
0.69697	0.606061	0.00987895	-0.0876623
0.69697	0.636364	0.0291519	-0.081009
0.69697	0.666667	0.0479425	-0.0734424
0.69697	0.69697	0.0660665	-0.0652157
0.69697	0.727273	0.0835726	-0.056619
0.69697	0.757576	0.100784	-0.0478968
0.69697	0.787879	0.118187	-0.0393004
0.69697	0.818182	0.136488	-0.0308274
0.69697	0.848485	0.155374	-0.0227468
0.69697	0.878788	0.175012	-0.0153179
0.69697	0.909091	0.191546	-0.0109913
0.69697	0.939394	0.20944	-0.0138653
0.69697	0.969697	0.225553	-0.0276261
0.727273	0.030303	0.0207542	-0.0129362
0.727273	0.0606061	-0.00517932	-0.0345945
0.727273	0.0909091	-0.053952	-0.0606722
0.727273	0.121212	-0.104996	-0.0881874
0.727273	0.151515	-0.152599	-0.112192
0.727273	0.181818	-0.187467	-0.126654
0.727273	0.212121	-0.199167	-0.129607
0.727273	0.242424	-0.188648	-0.12569
0.727273	0.272727	-0.168926	-0.12119
0.727273	0.30303	-0.150231	-0.118583
0.727273	0.333333	-0.13411	-0.117929
0.727273	0.363636	-0.120272	-0.11864
0.727273	0.393939	-0.107501	-0.119689
0.727273	0.424242	-0.0942715	-0.120494
0.727273	0.454545	-0.0802344	-0.120688
0.727273	0.484848	-0.065062	-0.11999
0.727273	0.515152	-0.0488446	-0.118194
0.727273	0.545455	-0.0317324	-0.115109
0.727273	0.575758	-0.0139991	-0.110644
0.727273	0.606061	0.0040155	-0.10478
0.727273	0.636364	0.0219811	-0.0976093
0.727273	0.666667	0.0396284	-0.0892952
0.727273	0.69697	0.0568336	-0.0800623
0.727273	0.727273	0.0736602	-0.0701499
0.727273	0.757576	0.0903778	-0.0597434
0.727273	0.787879	0.10738	-0.0489369
0.727273	0.818182	0.125056	-0.0375053
0.727273	0.848485	0.143007	-0.0251383
0.727273	0.878788	0.160617	-0.0107435
0.727273	0.909091	0.173825	0.00697681
0.727273	0.939394	0.184783	0.0316329
0.727273	0.969697	0.207281	0.0499055
0.757576	0.030303	0.0288183	-0.00806404
0.757576	0.0606061	0.0134122	-0.0266556
0.757576	0.0909091	-0.0282815	-0.052326
0.757576	0.121212	-0.0746056	-0.0827162
0.757576	0.151515	-0.121775	-0.113541
0.757576	0.181818	-0.163771	-0.137237
0.757576	0.212121	-0.188401	-0.148002
0.757576	0.242424	-0.189184	-0.147466
0.757576	0.272727	-0.173817	-0.142575
0.757576	0.30303	-0.154568	-0.138239
0.757576	0.333333	-0.136507	-0.135841
0.757576	0.363636	-0.120663	-0.13545
0.757576	0.393939	-0.106871	-0.13608
0.757576	0.424242	-0.0935589	-0.136793
0.757576	0.454545	-0.0799962	-0.137031
0.757576	0.484848	-0.0657116	-0.136381
0.757576	0.515152	-0.0505988	-0.134627
0.757576	0.545455	-0.0347869	-0.131572
0.757576	0.575758	-0.0184552	-0.127116
0.757576	0.606061	-0.00187916	-0.121222
0.757576	0.636364	0.0147108	-0.113951
0.757576	0.666667	0.0311235	-0.105447
0.757576	0.69697	0.0473034	-0.0959164
0.757576	0.727273	0.0633388	-0.085595
0.757576	0.757576	0.0794817	-0.0746989
0.757576	0.787879	0.0960742	-0.0633928
0.757576	0.818182	0.11341	-0.0517471
0.757576	0.848485	0.131372	-0.0401118
0.757576	0.878788	0.149793	-0.0292884
0.757576	0.909091	0.167239	-0.0227018
0.757576	0.939394	0.188708	-0.0266259
0.757576	0.969697	0.222388	-0.041733
0.787879	0.030303	0.0308796	-0.00206129
0.787879	0.0606061	0.0265264	-0.0151755
0.787879	0.0909091	-0.00593374	-0.0375232
0.787879	0.121212	-0.0444702	-0.0676586
0.787879	0.151515	-0.0861781	-0.103255
0.787879	0.181818	-0.12997	-0.137056
0.787879	0.212121	-0.165815	-0.159642
0.787879	0.242424	-0.181405	-0.167421
0.787879	0.272727	-0.175916	-0.165322
0.787879	0.30303	-0.159665	-0.160226
0.787879	0.333333	-0.141052	-0.155681
0.787879	0.363636	-0.123212	-0.153132
0.787879	0.393939	-0.107599	-0.152404
0.787879	0.424242	-0.0935142	-0.152449
0.787879	0.454545	-0.0799972	-0.152448
0.787879	0.484848	-0.0664217	-0.151738
0.787879	0.515152	-0.0523809	-0.149956
0.787879	0.545455	-0.0378738	-0.146869
0.787879	0.575758	-0.0229846	-0.142339
0.787879	0.606061	-0.00791004	-0.136309
0.787879	0.636364	0.00718178	-0.12878
0.787879	0.666667	0.0221672	-0.119823
0.787879	0.69697	0.0370259	-0.109546
0.787879	0.727273	0.0518463	-0.0980533
0.787879	0.757576	0.0668209	-0.0853924
0.787879	0.787879	0.0821661	-0.0714843
0.787879	0.818182	0.0979757	-0.0560497
0.787879	0.848485	0.113945	-0.038623
0.787879	0.878788	0.129264	-0.0180941
0.787879	0.909091	0.141927	0.00721814
0.787879	0.939394	0.155526	0.0404
0.787879	0.969697	0.200052	0.0627353
0.818182	0.030303	0.0275542	0.00332537
0.818182	0.0606061	0.0326013	-0.0027496
0.818182	0.0909091	0.0102808	-0.0189642
0.818182	0.121212	-0.0187882	-0.0446462
0.818182	0.151515	-0.0506584	-0.0801659
0.818182	0.181818	-0.088683	-0.121453
0.818182	0.212121	-0.129348	-0.15792
0.818182	0.242424	-0.159452	-0.179873
0.818182	0.272727	-0.169161	-0.186628
0.818182	0.30303	-0.161803	-0.184489
0.818182	0.333333	-0.14638	-0.17916
0.818182	0.363636	-0.128372	-0.174
0.818182	0.393939	-0.110971	-0.170628
0.818182	0.424242	-0.0953227	-0.168819
0.818182	0.454545	-0.081006	-0.16781
0.818182	0.484848	-0.0674753	-0.166757
0.818182	0.515152	-0.0541508	-0.164987
0.818182	0.545455	-0.0407543	-0.162106
0.818182	0.575758	-0.0272357	-0.157855
0.818182	0.606061	-0.0136359	-0.152129
0.818182	0.636364	-6.27569e-05	-0.144885
0.818182	0.666667	0.0134391	-0.136157
0.818182	0.69697	0.0268758	-0.126007
0.818182	0.727273	0.0403557	-0.114516
0.818182	0.757576	0.0540561	-0.101751
0.818182	0.787879	0.068196	-0.0877813
0.818182	0.818182	0.0829715	-0.072777
0.818182	0.848485	0.0985378	-0.0573699
0.818182	0.878788	0.115274	-0.0433794
0.818182	0.909091	0.134537	-0.0359896
0.818182	0.939394	0.163389	-0.0438528
0.818182	0.969697	0.216422	-0.0602223
0.848485	0.030303	0.021048	0.00650616
0.848485	0.0606061	0.0317573	0.00735018
0.848485	0.0909091	0.01885	-0.00121898
0.848485	0.121212	-0.00115646	-0.0188507
0.848485	0.151515	-0.0219547	-0.0475545
0.848485	0.181818	-0.0475192	-0.0887183
0.848485	0.212121	-0.0823714	-0.135695
0.848485	0.242424	-0.119866	-0.175281
0.848485	0.272727	-0.14583	-0.198612
0.848485	0.30303	-0.153523	-0.206893
0.848485	0.333333	-0.147396	-0.205877
0.848485	0.363636	-0.133816	-0.200433
0.848485	0.393939	-0.117208	-0.194196
0.848485	0.424242	-0.100529	-0.18899
0.848485	0.454545	-0.0848853	-0.185111
0.848485	0.484848	-0.0704026	-0.182184
0.848485	0.515152	-0.0569058	-0.179429
0.848485	0.545455	-0.0440086	-0.176174
0.848485	0.575758	-0.0315445	-0.171866
0.848485	0.606061	-0.0193576	-0.166144
0.848485	0.636364	-0.00742215	-0.158785
0.848485	0.666667	0.00430933	-0.149655
0.848485	0.69697	0.0158881	-0.138667
0.848485	0.727273	0.02741	-0.125721
0.848485	0.757576	0.0389959	-0.110661
0.848485	0.787879	0.0507591	-0.0932242
0.848485	0.818182	0.062749	-0.0730018
0.848485	0.848485	0.0748895	-0.0493535
0.848485	0.878788	0.087016	-0.0210955
0.848485	0.909091	0.0996372	0.0138041
0.848485	0.939394	0.120353	0.05684
0.848485	0.969697	0.192905	0.0803569
0.878788	0.030303	0.0139725	0.00707558
0.878788	0.0606061	0.0259036	0.0129293
0.878788	0.0909091	0.0203044	0.0114749
0.878788	0.121212	0.00765183	0.00266666
0.878788	0.151515	-0.00479153	-0.0144965
0.878788	0.181818	-0.0172327	-0.044783
0.878788	0.212121	-0.0366485	-0.0905059
0.878788	0.242424	-0.0674604	-0.142912
0.878788	0.272727	-0.101504	-0.187238
0.878788	0.30303	-0.125432	-0.215328
0.878788	0.333333	-0.134422	-0.228302
0.878788	0.363636	-0.131676	-0.230442
0.878788	0.393939	-0.121694	-0.225956
0.878788	0.424242	-0.107841	-0.218644
0.878788	0.454545	-0.0926299	-0.2109
0.878788	0.484848	-0.0773218	-0.203981
0.878788	0.515152	-0.0627807	-0.198106
0.878788	0.545455	-0.04926	-0.192854
0.878788	0.575758	-0.0367869	-0.187612
0.878788	0.606061	-0.0252563	-0.181713
0.878788	0.636364	-0.0144652	-0.17467
0.878788	0.666667	-0.00426865	-0.166092
0.878788	0.69697	0.00555398	-0.155758
0.878788	0.727273	0.0151604	-0.143508
0.878788	0.757576	0.0247876	-0.1293
0.878788	0.787879	0.0346694	-0.11321
0.878788	0.818182	0.0452171	-0.0956785
0.878788	0.848485	0.0572272	-0.0780163
0.878788	0.878788	0.0726142	-0.0636145
0.878788	0.909091	0.0957665	-0.0597437
0.878788	0.939394	0.135332	-0.0747223
0.878788	0.969697	0.205784	-0.0876016
0.909091	0.030303	0.00804413	0.00592833
0.909091	0.0606061	0.0178121	0.0140198
0.909091	0.0909091	0.0166475	0.0176767
0.909091	0.121212	0.00953652	0.015792
0.909091	0.151515	0.00219605	0.00880439
0.909091	0.181818	-0.00303196	-0.00539635
0.909091	0.212121	-0.00835926	-0.0336856
0.909091	0.242424	-0.0205991	-0.0805468
0.909091	0.272727	-0.0447266	-0.137324
0.909091	0.30303	-0.0740735	-0.188683
0.909091	0.333333	-0.0973017	-0.225804
0.909091	0.363636	-0.109369	-0.248111
0.909091	0.393939	-0.112403	-0.257401
0.909091	0.424242	-0.10833	-0.256912
0.909091	0.454545	-0.0991429	-0.250399
0.909091	0.484848	-0.0868214	-0.240899
0.909091	0.515152	-0.0730962	-0.230584
0.909091	0.545455	-0.0594694	-0.220374
0.909091	0.575758	-0.0466488	-0.210512
0.909091	0.606061	-0.0351188	-0.20065
0.909091	0.636364	-0.0248002	-0.190315
0.909091	0.666667	-0.0156553	-0.178928
0.909091	0.69697	-0.00738685	-0.165987
0.909091	0.727273	0.000150393	-0.150977
0.909091	0.757576	0.00721586	-0.133405
0.909091	0.787879	0.0139328	-0.112669
0.909091	0.818182	0.0205331	-0.0879849
0.909091	0.848485	0.0273778	-0.0581354
0.909091	0.878788	0.0356883	-0.0212095
0.909091	0.909091	0.0494333	0.0251237
0.909091	0.939394	0.0822275	0.0782278
0.909091	0.969697	0.184536	0.0994759
0.939394	0.030303	0.00373836	0.00430577
0.939394	0.0606061	0.00984583	0.0122721
0.939394	0.0909091	0.0103851	0.0185344
0.939394	0.121212	0.00699952	0.0210714
0.939394	0.151515	0.003141	0.0201265
0.939394	0.181818	0.000983603	0.0161109
0.939394	0.212121	0.000413279	0.00733838
0.939394	0.242424	-0.000682406	-0.0125783
0.939394	0.272727	-0.00481415	-0.0524908
0.939394	0.30303	-0.0173739	-0.10919
0.939394	0.333333	-0.0386865	-0.167806
0.939394	0.363636	-0.0588736	-0.218301
0.939394	0.393939	-0.0750594	-0.255644
0.939394	0.424242	-0.0852261	-0.278749
0.939394	0.454545	-0.0880818	-0.28981
0.939394	0.484848	-0.0848827	-0.291748
0.939394	0.515152	-0.0772911	-0.287554
0.939394	0.545455	-0.0675913	-0.279432
0.939394	0.575758	-0.0572178	-0.268863
0.939394	0.606061	-0.0473117	-0.25667
0.939394	0.636364	-0.0382244	-0.243246
0.939394	0.666667	-0.030134	-0.228767
0.939394	0.69697	-0.0228252	-0.213329
0.939394	0.727273	-0.016075	-0.197103
0.939394	0.757576	-0.00944012	-0.180447
0.939394	0.787879	-0.00241615	-0.164098
0.939394	0.818182	0.00585822	-0.149423
0.939394	0.848485	0.0167344	-0.13878
0.939394	0.878788	0.0326474	-0.135739
0.939394	0.909091	0.0577137	-0.144019
0.939394	0.939394	0.0988329	-0.160625
0.939394	0.969697	0.173775	-0.149864
0.969697	0.030303	0.000951971	0.00278639
0.969697	0.0606061	0.00342724	0.00920498
0.969697	0.0909091	0.00392312	0.015667
0.969697	0.121212	0.00274925	0.0199173
0.969697	0.151515	0.0013626	0.0216957
0.969697	0.181818	0.000808257	0.021871
0.969697	0.212121	0.00120924	0.0210751
0.969697	0.242424	0.00192208	0.0184706
0.969697	0.272727	0.00195396	0.0117025
0.969697	0.30303	0.000750122	-0.00642158
0.969697	0.333333	0.00153679	-0.0466449
0.969697	0.363636	-0.000945673	-0.104573
0.969697	0.393939	-0.0154943	-0.164138
0.969697	0.424242	-0.0326156	-0.216748
0.969697	0.454545	-0.0448195	-0.260011
0.969697	0.484848	-0.0515646	-0.293329
0.969697	0.515152	-0.0534179	-0.317202
0.969697	0.545455	-0.0520973	-0.332696
0.969697	0.575758	-0.0490292	-0.340885
0.969697	0.606061	-0.0453969	-0.342799
0.969697	0.636364	-0.0418729	-0.339151
0.969697	0.666667	-0.0388402	-0.330445
0.969697	0.69697	-0.0364159	-0.316854
0.969697	0.727273	-0.0346015	-0.298327
0.969697	0.757576	-0.0332927	-0.274475
0.969697	0.787879	-0.0323161	-0.244575
0.969697	0.818182	-0.0313441	-0.207372
0.969697	0.848485	-0.0296994	-0.160939
0.969697	0.878788	-0.0256624	-0.102629
0.969697	0.909091	-0.01423	-0.0306852
0.969697	0.939394	0.0206505	0.0474971
0.969697	0.969697	0.132116	0.0891561
