0.0588235	0.0588235	0.000386567	-0.000386567
0.0588235	0.117647	-0.000957713	0.000571146
0.0588235	0.176471	-0.00311237	0.00368352
0.0588235	0.235294	-0.00559764	0.00928115
0.0588235	0.294118	-0.00800163	0.0172828
0.0588235	0.352941	-0.00979375	0.0270765
0.0588235	0.411765	-0.0103938	0.0374703
0.0588235	0.470588	-0.00938543	0.0468557
0.0588235	0.529412	-0.00676286	0.0536186
0.0588235	0.588235	-0.00305016	0.0566688
0.0588235	0.647059	0.000804696	0.0558641
0.0588235	0.705882	0.0036729	0.0521912
0.0588235	0.764706	0.00440475	0.0477864
0.0588235	0.823529	0.00139007	0.0463963
0.0588235	0.882353	-0.00908101	0.0554773
0.0588235	0.941176	-0.0395865	0.0950638
0.117647	0.0588235	-0.000252472	0.000639039
0.117647	0.117647	-0.00446578	0.00414711
0.117647	0.176471	-0.0104837	0.0115184
0.117647	0.235294	-0.0172318	0.0231526
0.117647	0.294118	-0.0236591	0.03881
0.117647	0.352941	-0.0284958	0.0575121
0.117647	0.411765	-0.0303905	0.0775089
0.117647	0.470588	-0.0283285	0.0964519
0.117647	0.529412	-0.0221425	0.111832
0.117647	0.588235	-0.0127878	0.121569
0.117647	0.647059	-0.00218556	0.12456
0.117647	0.705882	0.00716792	0.121064
0.117647	0.764706	0.0126116	0.112858
0.117647	0.823529	0.0111526	0.103095
0.117647	0.882353	-0.000195608	0.0942097
0.117647	0.941176	-0.0336936	0.0883169
0.176471	0.0588235	-0.00191956	0.00166709
0.176471	0.117647	-0.0100718	0.00727312
0.176471	0.176471	-0.0206824	0.0174718
0.176471	0.235294	-0.0323185	0.0325585
0.176471	0.294118	-0.0433517	0.0522511
0.176471	0.352941	-0.0517319	0.0754873
0.176471	0.411765	-0.0552158	0.100313
0.176471	0.470588	-0.0520656	0.12405
0.176471	0.529412	-0.0419216	0.143829
0.176471	0.588235	-0.0262025	0.157243
0.176471	0.647059	-0.00772095	0.162779
0.176471	0.705882	0.00997917	0.159967
0.176471	0.764706	0.0232785	0.149301
0.176471	0.823529	0.0284529	0.132
0.176471	0.882353	0.0235113	0.108293
0.176471	0.941176	-0.00058702	0.0751868
0.235294	0.0588235	-0.00432465	0.00240509
0.235294	0.117647	-0.0171768	0.00951008
0.235294	0.176471	-0.0328003	0.021628
0.235294	0.235294	-0.0497047	0.0390141
0.235294	0.294118	-0.065798	0.0614604
0.235294	0.352941	-0.0781372	0.0878657
0.235294	0.411765	-0.0833134	0.115963
0.235294	0.470588	-0.0786507	0.142548
0.235294	0.529412	-0.0636632	0.16429
0.235294	0.588235	-0.0405254	0.178613
0.235294	0.647059	-0.0131475	0.18404
0.235294	0.705882	0.0140023	0.180016
0.235294	0.764706	0.0367588	0.166536
0.235294	0.823529	0.0512334	0.143756
0.235294	0.882353	0.0556015	0.111665
0.235294	0.941176	0.0445536	0.0665248
0.294118	0.0588235	-0.00719372	0.00286907
0.294118	0.117647	-0.0250989	0.0107912
0.294118	0.176471	-0.0459033	0.0238942
0.294118	0.235294	-0.0683703	0.0425599
0.294118	0.294118	-0.0900201	0.066782
0.294118	0.352941	-0.106784	0.0954287
0.294118	0.411765	-0.113684	0.125799
0.294118	0.470588	-0.106868	0.154016
0.294118	0.529412	-0.0859159	0.176269
0.294118	0.588235	-0.0542192	0.189963
0.294118	0.647059	-0.0170845	0.1939
0.294118	0.705882	0.020128	0.187774
0.294118	0.764706	0.0528693	0.171663
0.294118	0.823529	0.0773537	0.145543
0.294118	0.882353	0.0913878	0.109757
0.294118	0.941176	0.0940313	0.0602791
0.352941	0.0588235	-0.010166	0.00297225
0.352941	0.117647	-0.032867	0.0107403
0.352941	0.176471	-0.0586301	0.0234671
0.352941	0.235294	-0.0867787	0.0418755
0.352941	0.294118	-0.11444	0.066295
0.352941	0.352941	-0.136079	0.0955901
0.352941	0.411765	-0.144703	0.126609
0.352941	0.470588	-0.13512	0.154861
0.352941	0.529412	-0.107333	0.176278
0.352941	0.588235	-0.0665121	0.188571
0.352941	0.647059	-0.0195655	0.191052
0.352941	0.705882	0.0274681	0.183712
0.352941	0.764706	0.069874	0.166707
0.352941	0.823529	0.104006	0.140055
0.352941	0.882353	0.126974	0.104468
0.352941	0.941176	0.143068	0.0554318
0.411765	0.0588235	-0.0126776	0.00251165
0.411765	0.117647	-0.0391466	0.0087913
0.411765	0.176471	-0.069176	0.0193372
0.411765	0.235294	-0.102852	0.0354107
0.411765	0.294118	-0.136801	0.0577722
0.411765	0.352941	-0.163674	0.0853667
0.411765	0.411765	-0.174098	0.114762
0.411765	0.470588	-0.161483	0.141126
0.411765	0.529412	-0.12666	0.160452
0.411765	0.588235	-0.077132	0.171072
0.411765	0.647059	-0.0214873	0.172994
0.411765	0.705882	0.0340049	0.166457
0.411765	0.764706	0.0849166	0.151415
0.411765	0.823529	0.127759	0.127662
0.411765	0.882353	0.159031	0.0956057
0.411765	0.941176	0.189213	0.0494606
0.470588	0.0588235	-0.0139905	0.00131287
0.470588	0.117647	-0.0424409	0.00460714
0.470588	0.176471	-0.0755895	0.0110206
0.470588	0.235294	-0.114246	0.022414
0.470588	0.294118	-0.154405	0.0400183
0.470588	0.352941	-0.186767	0.0631115
0.470588	0.411765	-0.199443	0.0884564
0.470588	0.470588	-0.184343	0.111317
0.470588	0.529412	-0.143272	0.127928
0.470588	0.588235	-0.086439	0.137235
0.470588	0.647059	-0.0241794	0.139928
0.470588	0.705882	0.0374918	0.136441
0.470588	0.764706	0.0950136	0.126344
0.470588	0.823529	0.145121	0.108982
0.470588	0.882353	0.183807	0.0842059
0.470588	0.941176	0.228623	0.0447958
0.529412	0.0588235	-0.0134012	-0.000589321
0.529412	0.117647	-0.0415121	-0.00151813
0.529412	0.176471	-0.0762082	-0.000899464
0.529412	0.235294	-0.118705	0.00356041
0.529412	0.294118	-0.164445	0.0136003
0.529412	0.352941	-0.202518	0.0293512
0.529412	0.411765	-0.218673	0.0485809
0.529412	0.470588	-0.20296	0.0671975
0.529412	0.529412	-0.157626	0.0815514
0.529412	0.588235	-0.0955436	0.0906559
0.529412	0.647059	-0.0290691	0.0955456
0.529412	0.705882	0.0361743	0.0968631
0.529412	0.764706	0.0979942	0.0938825
0.529412	0.823529	0.153757	0.0852459
0.529412	0.882353	0.200166	0.0688863
0.529412	0.941176	0.261722	0.0357876
0.588235	0.0588235	-0.010581	-0.00282013
0.588235	0.117647	-0.0358732	-0.00845903
0.588235	0.176471	-0.0701124	-0.0145548
0.588235	0.235294	-0.114487	-0.018773
0.588235	0.294118	-0.164388	-0.0188306
0.588235	0.352941	-0.20828	-0.0130678
0.588235	0.411765	-0.230075	-0.00166614
0.588235	0.470588	-0.217298	0.0126723
0.588235	0.529412	-0.171132	0.0261785
0.588235	0.588235	-0.106241	0.036876
0.588235	0.647059	-0.0375418	0.0453487
0.588235	0.705882	0.0290272	0.0524958
0.588235	0.764706	0.0926844	0.0578057
0.588235	0.823529	0.151893	0.0596704
0.588235	0.882353	0.205035	0.0548019
0.588235	0.941176	0.284096	0.032428
0.647059	0.0588235	-0.00590183	-0.00467921
0.647059	0.117647	-0.026177	-0.0143754
0.647059	0.176471	-0.0575548	-0.026933
0.647059	0.235294	-0.100865	-0.0405549
0.647059	0.294118	-0.152361	-0.0525813
0.647059	0.352941	-0.201491	-0.059371
0.647059	0.411765	-0.231481	-0.057965
0.647059	0.470588	-0.226813	-0.0484499
0.647059	0.529412	-0.185207	-0.034375
0.647059	0.588235	-0.120813	-0.0198028
0.647059	0.647059	-0.051268	-0.0060766
0.647059	0.705882	0.0154288	0.00752179
0.647059	0.764706	0.0791339	0.0210723
0.647059	0.823529	0.140541	0.0324241
0.647059	0.882353	0.202172	0.035287
0.647059	0.941176	0.30102	0.0183632
0.705882	0.0588235	-0.00053336	-0.00536847
0.705882	0.117647	-0.0143487	-0.0171968
0.705882	0.176471	-0.0403252	-0.0344263
0.705882	0.235294	-0.0787758	-0.0565158
0.705882	0.294118	-0.127755	-0.0811223
0.705882	0.352941	-0.179667	-0.102946
0.705882	0.411765	-0.21922	-0.115207
0.705882	0.470588	-0.228433	-0.113587
0.705882	0.529412	-0.199195	-0.0995988
0.705882	0.588235	-0.141143	-0.0792688
0.705882	0.647059	-0.0728217	-0.0577152
0.705882	0.705882	-0.00614514	-0.0361413
0.705882	0.764706	0.0568634	-0.0138708
0.705882	0.823529	0.118545	0.00812508
0.705882	0.882353	0.186403	0.0238941
0.705882	0.941176	0.304034	0.0208796
0.764706	0.0588235	0.00386511	-0.00439847
0.764706	0.117647	-0.00329269	-0.0154545
0.764706	0.176471	-0.021866	-0.0339137
0.764706	0.235294	-0.0515409	-0.0611486
0.764706	0.294118	-0.0924518	-0.0964516
0.764706	0.352941	-0.141577	-0.134541
0.764706	0.411765	-0.188229	-0.165532
0.764706	0.470588	-0.214772	-0.179193
0.764706	0.529412	-0.206904	-0.171485
0.764706	0.588235	-0.165325	-0.147303
0.764706	0.647059	-0.104401	-0.115724
0.764706	0.705882	-0.0387521	-0.083117
0.764706	0.764706	0.0254475	-0.0517011
0.764706	0.823529	0.0902229	-0.023379
0.764706	0.882353	0.16842	-0.00539661
0.764706	0.941176	0.30528	-0.00664243
0.823529	0.0588235	0.00584754	-0.00198243
0.823529	0.117647	0.00400121	-0.00927633
0.823529	0.176471	-0.00667105	-0.0244713
0.823529	0.235294	-0.0251262	-0.050886
0.823529	0.294118	-0.0526066	-0.0907312
0.823529	0.352941	-0.0905099	-0.141798
0.823529	0.411765	-0.135449	-0.194578
0.823529	0.470588	-0.175355	-0.233995
0.823529	0.529412	-0.193725	-0.247174
0.823529	0.588235	-0.180975	-0.231524
0.823529	0.647059	-0.140926	-0.194999
0.823529	0.705882	-0.0849439	-0.148807
0.823529	0.764706	-0.022014	-0.101346
0.823529	0.823529	0.0459442	-0.0570671
0.823529	0.882353	0.130125	-0.0187714
0.823529	0.941176	0.28042	0.00608859
0.882353	0.0588235	0.00495975	0.00088779
0.882353	0.117647	0.00587592	-0.000986922
0.882353	0.176471	0.00155107	-0.00920904
0.882353	0.235294	-0.00652501	-0.0278102
0.882353	0.294118	-0.0190199	-0.0613968
0.882353	0.352941	-0.0386775	-0.113229
0.882353	0.411765	-0.0682578	-0.180421
0.882353	0.470588	-0.105826	-0.24995
0.882353	0.529412	-0.141493	-0.302182
0.882353	0.588235	-0.161357	-0.3218
0.882353	0.647059	-0.156648	-0.306078
0.882353	0.705882	-0.128021	-0.263001
0.882353	0.764706	-0.0796535	-0.205361
0.882353	0.823529	-0.0111599	-0.148257
0.882353	0.882353	0.0883865	-0.106519
0.882353	0.941176	0.250589	-0.0766883
0.941176	0.0588235	0.00217445	0.00278529
0.941176	0.117647	0.00325708	0.00540413
0.941176	0.176471	0.00241302	0.00454218
0.941176	0.235294	0.000673144	-0.00265598
0.941176	0.294118	-0.00177159	-0.0199043
0.941176	0.352941	-0.00575063	-0.0528312
0.941176	0.411765	-0.0133833	-0.107706
0.941176	0.470588	-0.028366	-0.185166
0.941176	0.529412	-0.0535199	-0.273139
0.941176	0.588235	-0.0842313	-0.350264
0.941176	0.647059	-0.108847	-0.398065
0.941176	0.705882	-0.118983	-0.407104
0.941176	0.764706	-0.112432	-0.374326
0.941176	0.823529	-0.0856924	-0.299793
0.941176	0.882353	-0.0230571	-0.188349
0.941176	0.941176	0.12519	-0.06295
